2023-11-17T12:24:41.532-05:00  INFO 2148 --- [main] .j.u.r.UserManagementRestControllerTests : Starting UserManagementRestControllerTests using Java 17.0.9 with PID 2148 (started by usuario in D:\Proyectos\usermanagement)
2023-11-17T12:24:41.534-05:00  INFO 2148 --- [main] .j.u.r.UserManagementRestControllerTests : No active profile set, falling back to 1 default profile: "default"
2023-11-17T12:24:41.560-05:00 TRACE 2148 --- [main] o.s.w.c.s.GenericWebApplicationContext   : Refreshing org.springframework.web.context.support.GenericWebApplicationContext@467f77a5, started on Fri Nov 17 12:24:41 COT 2023
2023-11-17T12:24:42.207-05:00  INFO 2148 --- [main] .s.d.r.c.RepositoryConfigurationDelegate : Bootstrapping Spring Data JPA repositories in DEFAULT mode.
2023-11-17T12:24:42.270-05:00  INFO 2148 --- [main] .s.d.r.c.RepositoryConfigurationDelegate : Finished Spring Data repository scanning in 51 ms. Found 3 JPA repository interfaces.
2023-11-17T12:24:42.527-05:00 TRACE 2148 --- [main] o.s.w.c.s.GenericWebApplicationContext   : No 'messageSource' bean, using [Empty MessageSource]
2023-11-17T12:24:42.527-05:00 TRACE 2148 --- [main] o.s.w.c.s.GenericWebApplicationContext   : No 'applicationEventMulticaster' bean, using [SimpleApplicationEventMulticaster]
2023-11-17T12:24:42.637-05:00 DEBUG 2148 --- [main] o.s.jdbc.datasource.DataSourceUtils      : Fetching JDBC Connection from DataSource
2023-11-17T12:24:42.638-05:00  INFO 2148 --- [main] com.zaxxer.hikari.HikariDataSource       : HikariPool-1 - Starting...
2023-11-17T12:24:42.768-05:00  INFO 2148 --- [main] com.zaxxer.hikari.pool.HikariPool        : HikariPool-1 - Added connection conn0: url=jdbc:h2:mem:2a4673a3-37b5-4364-96f8-f62705b35a7e user=SA
2023-11-17T12:24:42.770-05:00  INFO 2148 --- [main] com.zaxxer.hikari.HikariDataSource       : HikariPool-1 - Start completed.
2023-11-17T12:24:42.786-05:00 DEBUG 2148 --- [main] o.s.jdbc.datasource.DataSourceUtils      : Fetching JDBC Connection from DataSource
2023-11-17T12:24:42.787-05:00 DEBUG 2148 --- [main] o.s.jdbc.datasource.init.ScriptUtils     : Executing SQL script from file [D:\Proyectos\usermanagement\target\classes\schema.sql]
2023-11-17T12:24:42.799-05:00 DEBUG 2148 --- [main] o.s.jdbc.datasource.init.ScriptUtils     : 0 returned as update count for SQL: CREATE TABLE USERM ( id uuid DEFAULT random_uuid() PRIMARY KEY, uname VARCHAR(255) NOT NULL, email VARCHAR(255) NOT NULL, passw VARCHAR(500) NOT NULL, created_at timestamp not null default current_timestamp, updated_at timestamp null default current_timestamp, last_login timestamp null default current_timestamp, is_active boolean not null default true )
2023-11-17T12:24:42.809-05:00 DEBUG 2148 --- [main] o.s.jdbc.datasource.init.ScriptUtils     : 0 returned as update count for SQL: CREATE TABLE PHONE ( id uuid DEFAULT random_uuid() PRIMARY KEY, pnumber VARCHAR(255), city_code VARCHAR(255), country_code VARCHAR(255), user_id UUID NULL, created_at timestamp not null default current_timestamp, updated_at timestamp null default current_timestamp, CONSTRAINT FK_USER_ID FOREIGN KEY (user_id) REFERENCES USERM(id) )
2023-11-17T12:24:42.810-05:00 DEBUG 2148 --- [main] o.s.jdbc.datasource.init.ScriptUtils     : 0 returned as update count for SQL: CREATE TABLE CONFIGURATIONAPP ( id uuid DEFAULT random_uuid() PRIMARY KEY, name_parameter VARCHAR(255), value_parameter VARCHAR(255) )
2023-11-17T12:24:42.812-05:00 DEBUG 2148 --- [main] o.s.jdbc.datasource.init.ScriptUtils     : Executed SQL script from file [D:\Proyectos\usermanagement\target\classes\schema.sql] in 24 ms.
2023-11-17T12:24:42.813-05:00 DEBUG 2148 --- [main] o.s.jdbc.datasource.DataSourceUtils      : Fetching JDBC Connection from DataSource
2023-11-17T12:24:42.813-05:00 DEBUG 2148 --- [main] o.s.jdbc.datasource.DataSourceUtils      : Fetching JDBC Connection from DataSource
2023-11-17T12:24:42.813-05:00 DEBUG 2148 --- [main] o.s.jdbc.datasource.init.ScriptUtils     : Executing SQL script from file [D:\Proyectos\usermanagement\target\classes\data.sql]
2023-11-17T12:24:42.817-05:00 DEBUG 2148 --- [main] o.s.jdbc.datasource.init.ScriptUtils     : 3 returned as update count for SQL: INSERT INTO USERM (id,uname, email, passw) VALUES ('123e4567-e89b-12d3-a456-426614174001','John Doe', 'john.doe@example.com', 'password123'), ('123e4567-e89b-12d3-a456-426614174002','Alice Smith', 'alice.smith@example.com', 'securepass'), ('123e4567-e89b-12d3-a456-426614174003','Bob Johnson', 'bob.johnson@example.com', 'mysecretpassword')
2023-11-17T12:24:42.821-05:00 DEBUG 2148 --- [main] o.s.jdbc.datasource.init.ScriptUtils     : 6 returned as update count for SQL: INSERT INTO PHONE (pnumber, city_code, country_code, user_id) VALUES ('123-456-7890', 123.45, 1, '123e4567-e89b-12d3-a456-426614174001'), ('987-654-3210', 987.65, 2, '123e4567-e89b-12d3-a456-426614174002'), ('555-123-4567', 555.55, 3, '123e4567-e89b-12d3-a456-426614174003'), ('555-987-6543', 555.98, 1, '123e4567-e89b-12d3-a456-426614174001'), ('222-333-4444', 222.33, 2, '123e4567-e89b-12d3-a456-426614174002'), ('777-888-9999', 777.88, 3, '123e4567-e89b-12d3-a456-426614174003')
2023-11-17T12:24:42.821-05:00 DEBUG 2148 --- [main] o.s.jdbc.datasource.init.ScriptUtils     : 1 returned as update count for SQL: INSERT INTO CONFIGURATIONAPP (name_parameter, value_parameter) VALUES ('REGEX_PASSWORD', '^(?=.*[A-Z])(?=.*[!@#$%^&*()-+_?])(?=.*\d).{12,}$')
2023-11-17T12:24:42.821-05:00 DEBUG 2148 --- [main] o.s.jdbc.datasource.init.ScriptUtils     : Executed SQL script from file [D:\Proyectos\usermanagement\target\classes\data.sql] in 8 ms.
2023-11-17T12:24:42.885-05:00  INFO 2148 --- [main] o.hibernate.jpa.internal.util.LogHelper  : HHH000204: Processing PersistenceUnitInfo [name: default]
2023-11-17T12:24:42.939-05:00  INFO 2148 --- [main] org.hibernate.Version                    : HHH000412: Hibernate ORM core version 6.2.13.Final
2023-11-17T12:24:42.945-05:00  INFO 2148 --- [main] org.hibernate.cfg.Environment            : HHH000406: Using bytecode reflection optimizer
2023-11-17T12:24:43.187-05:00  INFO 2148 --- [main] o.s.o.j.p.SpringPersistenceUnitInfo      : No LoadTimeWeaver setup: ignoring JPA class transformer
2023-11-17T12:24:43.917-05:00  INFO 2148 --- [main] o.h.e.t.j.p.i.JtaPlatformInitiator       : HHH000489: No JTA platform available (set 'hibernate.transaction.jta.platform' to enable JTA platform integration)
2023-11-17T12:24:43.944-05:00  INFO 2148 --- [main] j.LocalContainerEntityManagerFactoryBean : Initialized JPA EntityManagerFactory for persistence unit 'default'
2023-11-17T12:24:44.182-05:00  INFO 2148 --- [main] o.s.d.j.r.query.QueryEnhancerFactory     : Hibernate is in classpath; If applicable, HQL parser will be used.
2023-11-17T12:24:44.690-05:00  WARN 2148 --- [main] JpaBaseConfiguration$JpaWebConfiguration : spring.jpa.open-in-view is enabled by default. Therefore, database queries may be performed during view rendering. Explicitly configure spring.jpa.open-in-view to disable this warning
2023-11-17T12:24:44.811-05:00 DEBUG 2148 --- [main] s.w.s.m.m.a.RequestMappingHandlerAdapter : ControllerAdvice beans: 0 @ModelAttribute, 0 @InitBinder, 1 RequestBodyAdvice, 1 ResponseBodyAdvice
2023-11-17T12:24:44.886-05:00 TRACE 2148 --- [main] s.w.s.m.m.a.RequestMappingHandlerMapping : 
	c.j.u.c.UserManagementRestController:
	{POST [/api/v1/user]}: createUser(User)
	{GET [/api/v1/user/{id}]}: getUserById(UUID)
	{GET [/api/v1/user]}: getUsers()
	{PUT [/api/v1/user/{id}]}: updateUser(UUID,User)
2023-11-17T12:24:44.890-05:00 TRACE 2148 --- [main] s.w.s.m.m.a.RequestMappingHandlerMapping : 
	o.s.b.a.w.s.e.BasicErrorController:
	{ [/error]}: error(HttpServletRequest)
	{ [/error], produces [text/html]}: errorHtml(HttpServletRequest,HttpServletResponse)
2023-11-17T12:24:44.896-05:00 TRACE 2148 --- [main] s.w.s.m.m.a.RequestMappingHandlerMapping : 
	o.s.w.a.OpenApiWebMvcResource:
	{GET [/api-docs], produces [application/json]}: openapiJson(HttpServletRequest,String,Locale)
	{GET [/api-docs.yaml], produces [application/vnd.oai.openapi]}: openapiYaml(HttpServletRequest,String,Locale)
2023-11-17T12:24:44.896-05:00 TRACE 2148 --- [main] s.w.s.m.m.a.RequestMappingHandlerMapping : 
	o.s.w.u.SwaggerWelcomeWebMvc:
	{GET [/swagger-ui.html]}: redirectToUi(HttpServletRequest)
2023-11-17T12:24:44.897-05:00 TRACE 2148 --- [main] s.w.s.m.m.a.RequestMappingHandlerMapping : 
	o.s.w.u.SwaggerConfigResource:
	{GET [/api-docs/swagger-config], produces [application/json]}: openapiJson(HttpServletRequest)
2023-11-17T12:24:44.899-05:00 DEBUG 2148 --- [main] s.w.s.m.m.a.RequestMappingHandlerMapping : 10 mappings in 'requestMappingHandlerMapping'
2023-11-17T12:24:44.904-05:00 DEBUG 2148 --- [main] o.s.w.s.h.BeanNameUrlHandlerMapping      : Detected 0 mappings in 'beanNameHandlerMapping'
2023-11-17T12:24:44.910-05:00 TRACE 2148 --- [main] o.s.w.s.f.support.RouterFunctionMapping  : 0 RouterFunction(s) in 'routerFunctionMapping'
2023-11-17T12:24:44.921-05:00 TRACE 2148 --- [main] o.s.w.s.handler.SimpleUrlHandlerMapping  : Mapped [/webjars/**] onto ResourceHttpRequestHandler [classpath [META-INF/resources/webjars/]]
2023-11-17T12:24:44.922-05:00 TRACE 2148 --- [main] o.s.w.s.handler.SimpleUrlHandlerMapping  : Mapped [/**] onto ResourceHttpRequestHandler [classpath [META-INF/resources/], classpath [resources/], classpath [static/], classpath [public/], ServletContext [/]]
2023-11-17T12:24:44.922-05:00 TRACE 2148 --- [main] o.s.w.s.handler.SimpleUrlHandlerMapping  : Mapped [/swagger-ui*/*swagger-initializer.js] onto ResourceHttpRequestHandler [classpath [META-INF/resources/webjars/]]
2023-11-17T12:24:44.922-05:00 TRACE 2148 --- [main] o.s.w.s.handler.SimpleUrlHandlerMapping  : Mapped [/swagger-ui*/**] onto ResourceHttpRequestHandler [classpath [META-INF/resources/webjars/]]
2023-11-17T12:24:44.923-05:00 DEBUG 2148 --- [main] o.s.w.s.handler.SimpleUrlHandlerMapping  : Patterns [/webjars/**, /**, /swagger-ui*/*swagger-initializer.js, /swagger-ui*/**] in 'resourceHandlerMapping'
2023-11-17T12:24:44.930-05:00 DEBUG 2148 --- [main] .m.m.a.ExceptionHandlerExceptionResolver : ControllerAdvice beans: 1 @ExceptionHandler, 1 ResponseBodyAdvice
2023-11-17T12:24:45.120-05:00  INFO 2148 --- [main] o.s.b.t.m.w.SpringBootMockServletContext : Initializing Spring TestDispatcherServlet ''
2023-11-17T12:24:45.121-05:00  INFO 2148 --- [main] o.s.t.web.servlet.TestDispatcherServlet  : Initializing Servlet ''
2023-11-17T12:24:45.122-05:00  INFO 2148 --- [main] o.s.t.web.servlet.TestDispatcherServlet  : Completed initialization in 1 ms
2023-11-17T12:24:45.133-05:00 TRACE 2148 --- [main] o.s.w.c.s.GenericWebApplicationContext   : Using LifecycleProcessor [org.springframework.context.support.DefaultLifecycleProcessor@3e283f1a]
2023-11-17T12:24:45.144-05:00  INFO 2148 --- [main] .j.u.r.UserManagementRestControllerTests : Started UserManagementRestControllerTests in 3.843 seconds (process running for 4.586)
2023-11-17T12:24:45.603-05:00 TRACE 2148 --- [main] s.w.s.m.m.a.RequestMappingHandlerMapping : Mapped to com.jhoncontreras.usermanagement.controller.UserManagementRestController#getUsers()
2023-11-17T12:24:45.614-05:00 TRACE 2148 --- [main] o.s.web.method.HandlerMethod             : Arguments: []
2023-11-17T12:24:45.621-05:00 DEBUG 2148 --- [main] o.s.jdbc.datasource.DataSourceUtils      : Setting JDBC Connection [HikariProxyConnection@498395719 wrapping conn0: url=jdbc:h2:mem:2a4673a3-37b5-4364-96f8-f62705b35a7e user=SA] read-only
2023-11-17T12:24:45.734-05:00 DEBUG 2148 --- [main] o.s.jdbc.datasource.DataSourceUtils      : Resetting read-only flag of JDBC Connection [HikariProxyConnection@498395719 wrapping conn0: url=jdbc:h2:mem:2a4673a3-37b5-4364-96f8-f62705b35a7e user=SA]
2023-11-17T12:24:45.786-05:00 DEBUG 2148 --- [main] o.s.w.s.m.m.a.HttpEntityMethodProcessor  : Using 'application/json', given [*/*] and supported [application/json, application/*+json]
2023-11-17T12:24:45.787-05:00 TRACE 2148 --- [main] o.s.w.s.m.m.a.HttpEntityMethodProcessor  : Writing [com.jhoncontreras.usermanagement.controller.dto.BaseResponseDto@510cefb6]
2023-11-17T12:24:45.806-05:00 TRACE 2148 --- [main] s.w.s.m.m.a.RequestMappingHandlerAdapter : Applying default cacheSeconds=-1
2023-11-17T12:24:45.860-05:00 TRACE 2148 --- [main] s.w.s.m.m.a.RequestMappingHandlerMapping : Mapped to com.jhoncontreras.usermanagement.controller.UserManagementRestController#updateUser(UUID, User)
2023-11-17T12:24:45.894-05:00 TRACE 2148 --- [main] m.m.a.RequestResponseBodyMethodProcessor : Read "application/json;charset=UTF-8" to [User [id=123e4567-e89b-12d3-a456-426614174001, name=John Doe Modified, email=john.doe@example.com, phones=[Phone [id=null, number=12345566770, cityCode=COUpdated, countryCode=COUpdated, createdAt=null, updatedAt=null]], createdAt=null, updatedAt=null, lastLogin=null, isActive=false]]
2023-11-17T12:24:45.897-05:00 TRACE 2148 --- [main] o.s.web.method.HandlerMethod             : Arguments: [123e4567-e89b-12d3-a456-426614174001, User [id=123e4567-e89b-12d3-a456-426614174001, name=John Doe Modified, email=john.doe@example.com, phones=[Phone [id=null, number=12345566770, cityCode=COUpdated, countryCode=COUpdated, createdAt=null, updatedAt=null]], createdAt=null, updatedAt=null, lastLogin=null, isActive=false]]
2023-11-17T12:24:46.003-05:00 DEBUG 2148 --- [main] o.s.w.s.m.m.a.HttpEntityMethodProcessor  : Using 'application/json', given [*/*] and supported [application/json, application/*+json]
2023-11-17T12:24:46.003-05:00 TRACE 2148 --- [main] o.s.w.s.m.m.a.HttpEntityMethodProcessor  : Writing [com.jhoncontreras.usermanagement.controller.dto.BaseResponseDto@298eca94]
2023-11-17T12:24:46.004-05:00 TRACE 2148 --- [main] s.w.s.m.m.a.RequestMappingHandlerAdapter : Applying default cacheSeconds=-1
2023-11-17T12:24:46.013-05:00 TRACE 2148 --- [main] s.w.s.m.m.a.RequestMappingHandlerMapping : Mapped to com.jhoncontreras.usermanagement.controller.UserManagementRestController#createUser(User)
2023-11-17T12:24:46.014-05:00 TRACE 2148 --- [main] m.m.a.RequestResponseBodyMethodProcessor : Read "application/json;charset=UTF-8" to [User [id=null, name=John Doe, email=john.doe@example.com, phones=[Phone [id=null, number=1234556677, cityCode=CO, countryCode=CO, createdAt=null, updatedAt=null]], createdAt=null, updatedAt=null, lastLogin=null, isActive=false]]
2023-11-17T12:24:46.014-05:00 TRACE 2148 --- [main] o.s.web.method.HandlerMethod             : Arguments: [User [id=null, name=John Doe, email=john.doe@example.com, phones=[Phone [id=null, number=1234556677, cityCode=CO, countryCode=CO, createdAt=null, updatedAt=null]], createdAt=null, updatedAt=null, lastLogin=null, isActive=false]]
2023-11-17T12:24:46.019-05:00 DEBUG 2148 --- [main] o.s.w.s.m.m.a.HttpEntityMethodProcessor  : Using 'application/json', given [*/*] and supported [application/json, application/*+json]
2023-11-17T12:24:46.019-05:00 TRACE 2148 --- [main] o.s.w.s.m.m.a.HttpEntityMethodProcessor  : Writing [com.jhoncontreras.usermanagement.controller.dto.BaseResponseDto@36f807f5]
2023-11-17T12:24:46.020-05:00 TRACE 2148 --- [main] s.w.s.m.m.a.RequestMappingHandlerAdapter : Applying default cacheSeconds=-1
2023-11-17T12:24:46.026-05:00 TRACE 2148 --- [main] s.w.s.m.m.a.RequestMappingHandlerMapping : Mapped to com.jhoncontreras.usermanagement.controller.UserManagementRestController#createUser(User)
2023-11-17T12:24:46.027-05:00 TRACE 2148 --- [main] m.m.a.RequestResponseBodyMethodProcessor : Read "application/json;charset=UTF-8" to [User [id=null, name=John Doe, email=john.doe@example.com, phones=[Phone [id=null, number=1234556677, cityCode=CO, countryCode=CO, createdAt=null, updatedAt=null]], createdAt=null, updatedAt=null, lastLogin=null, isActive=false]]
2023-11-17T12:24:46.027-05:00 TRACE 2148 --- [main] o.s.web.method.HandlerMethod             : Arguments: [User [id=null, name=John Doe, email=john.doe@example.com, phones=[Phone [id=null, number=1234556677, cityCode=CO, countryCode=CO, createdAt=null, updatedAt=null]], createdAt=null, updatedAt=null, lastLogin=null, isActive=false]]
2023-11-17T12:24:46.031-05:00 DEBUG 2148 --- [main] o.s.w.s.m.m.a.HttpEntityMethodProcessor  : Using 'application/json', given [*/*] and supported [application/json, application/*+json]
2023-11-17T12:24:46.032-05:00 TRACE 2148 --- [main] o.s.w.s.m.m.a.HttpEntityMethodProcessor  : Writing [com.jhoncontreras.usermanagement.controller.dto.BaseResponseDto@7e47a922]
2023-11-17T12:24:46.032-05:00 TRACE 2148 --- [main] s.w.s.m.m.a.RequestMappingHandlerAdapter : Applying default cacheSeconds=-1
2023-11-17T12:24:46.041-05:00 TRACE 2148 --- [main] s.w.s.m.m.a.RequestMappingHandlerMapping : Mapped to com.jhoncontreras.usermanagement.controller.UserManagementRestController#createUser(User)
2023-11-17T12:24:46.041-05:00 TRACE 2148 --- [main] m.m.a.RequestResponseBodyMethodProcessor : Read "application/json;charset=UTF-8" to [User [id=null, name=Jhon Contreras, email=jhon@contreras.com, phones=[Phone [id=null, number=1234556677, cityCode=CO, countryCode=CO, createdAt=null, updatedAt=null]], createdAt=null, updatedAt=null, lastLogin=null, isActive=false]]
2023-11-17T12:24:46.041-05:00 TRACE 2148 --- [main] o.s.web.method.HandlerMethod             : Arguments: [User [id=null, name=Jhon Contreras, email=jhon@contreras.com, phones=[Phone [id=null, number=1234556677, cityCode=CO, countryCode=CO, createdAt=null, updatedAt=null]], createdAt=null, updatedAt=null, lastLogin=null, isActive=false]]
2023-11-17T12:24:46.056-05:00 DEBUG 2148 --- [main] o.s.w.s.m.m.a.HttpEntityMethodProcessor  : Using 'application/json', given [*/*] and supported [application/json, application/*+json]
2023-11-17T12:24:46.056-05:00 TRACE 2148 --- [main] o.s.w.s.m.m.a.HttpEntityMethodProcessor  : Writing [com.jhoncontreras.usermanagement.controller.dto.BaseResponseDto@37dcda42]
2023-11-17T12:24:46.057-05:00 TRACE 2148 --- [main] s.w.s.m.m.a.RequestMappingHandlerAdapter : Applying default cacheSeconds=-1
2023-11-17T12:24:46.069-05:00 TRACE 2148 --- [main] s.w.s.m.m.a.RequestMappingHandlerMapping : Mapped to com.jhoncontreras.usermanagement.controller.UserManagementRestController#updateUser(UUID, User)
2023-11-17T12:24:46.071-05:00 TRACE 2148 --- [main] m.m.a.RequestResponseBodyMethodProcessor : Read "application/json;charset=UTF-8" to [User [id=123e4567-e89b-12d3-a456-426614174001, name=John Doe Modified, email=alice.smith@example.com, phones=[Phone [id=null, number=1234556677Updated, cityCode=COUpdated, countryCode=COUpdated, createdAt=null, updatedAt=null]], createdAt=null, updatedAt=null, lastLogin=null, isActive=false]]
2023-11-17T12:24:46.071-05:00 TRACE 2148 --- [main] o.s.web.method.HandlerMethod             : Arguments: [123e4567-e89b-12d3-a456-426614174001, User [id=123e4567-e89b-12d3-a456-426614174001, name=John Doe Modified, email=alice.smith@example.com, phones=[Phone [id=null, number=1234556677Updated, cityCode=COUpdated, countryCode=COUpdated, createdAt=null, updatedAt=null]], createdAt=null, updatedAt=null, lastLogin=null, isActive=false]]
2023-11-17T12:24:46.075-05:00 DEBUG 2148 --- [main] o.s.w.s.m.m.a.HttpEntityMethodProcessor  : Using 'application/json', given [*/*] and supported [application/json, application/*+json]
2023-11-17T12:24:46.076-05:00 TRACE 2148 --- [main] o.s.w.s.m.m.a.HttpEntityMethodProcessor  : Writing [com.jhoncontreras.usermanagement.controller.dto.BaseResponseDto@359ae83a]
2023-11-17T12:24:46.076-05:00 TRACE 2148 --- [main] s.w.s.m.m.a.RequestMappingHandlerAdapter : Applying default cacheSeconds=-1
2023-11-17T12:24:46.085-05:00 TRACE 2148 --- [main] s.w.s.m.m.a.RequestMappingHandlerMapping : Mapped to com.jhoncontreras.usermanagement.controller.UserManagementRestController#createUser(User)
2023-11-17T12:24:46.089-05:00  WARN 2148 --- [main] .w.s.m.s.DefaultHandlerExceptionResolver : Resolved [org.springframework.http.converter.HttpMessageNotReadableException: Required request body is missing: public org.springframework.http.ResponseEntity<com.jhoncontreras.usermanagement.controller.dto.BaseResponseDto<com.jhoncontreras.usermanagement.controller.dto.UserJwtTokenDto>> com.jhoncontreras.usermanagement.controller.UserManagementRestController.createUser(com.jhoncontreras.usermanagement.model.User)]
2023-11-17T12:24:46.096-05:00 TRACE 2148 --- [main] s.w.s.m.m.a.RequestMappingHandlerMapping : Mapped to com.jhoncontreras.usermanagement.controller.UserManagementRestController#updateUser(UUID, User)
2023-11-17T12:24:46.097-05:00 TRACE 2148 --- [main] m.m.a.RequestResponseBodyMethodProcessor : Read "application/json;charset=UTF-8" to [User [id=123e4567-e89b-12d3-a456-426614174001, name=John Doe Modified, email=alice.smith@example.com, phones=[Phone [id=null, number=1234556677Updated, cityCode=COUpdated, countryCode=COUpdated, createdAt=null, updatedAt=null]], createdAt=null, updatedAt=null, lastLogin=null, isActive=false]]
2023-11-17T12:24:46.097-05:00 TRACE 2148 --- [main] o.s.web.method.HandlerMethod             : Arguments: [123e4567-e89b-12d3-a456-426614174001, User [id=123e4567-e89b-12d3-a456-426614174001, name=John Doe Modified, email=alice.smith@example.com, phones=[Phone [id=null, number=1234556677Updated, cityCode=COUpdated, countryCode=COUpdated, createdAt=null, updatedAt=null]], createdAt=null, updatedAt=null, lastLogin=null, isActive=false]]
2023-11-17T12:24:46.101-05:00 DEBUG 2148 --- [main] o.s.w.s.m.m.a.HttpEntityMethodProcessor  : Using 'application/json', given [*/*] and supported [application/json, application/*+json]
2023-11-17T12:24:46.101-05:00 TRACE 2148 --- [main] o.s.w.s.m.m.a.HttpEntityMethodProcessor  : Writing [com.jhoncontreras.usermanagement.controller.dto.BaseResponseDto@fa200ab]
2023-11-17T12:24:46.101-05:00 TRACE 2148 --- [main] s.w.s.m.m.a.RequestMappingHandlerAdapter : Applying default cacheSeconds=-1
2023-11-17T12:24:46.261-05:00 DEBUG 2148 --- [SpringApplicationShutdownHook] o.s.w.c.s.GenericWebApplicationContext   : Closing org.springframework.web.context.support.GenericWebApplicationContext@467f77a5, started on Fri Nov 17 12:24:41 COT 2023
2023-11-17T12:24:46.265-05:00  INFO 2148 --- [SpringApplicationShutdownHook] j.LocalContainerEntityManagerFactoryBean : Closing JPA EntityManagerFactory for persistence unit 'default'
2023-11-17T12:24:46.267-05:00  INFO 2148 --- [SpringApplicationShutdownHook] com.zaxxer.hikari.HikariDataSource       : HikariPool-1 - Shutdown initiated...
2023-11-17T12:24:46.269-05:00  INFO 2148 --- [SpringApplicationShutdownHook] com.zaxxer.hikari.HikariDataSource       : HikariPool-1 - Shutdown completed.
2023-11-17T12:26:00.581-05:00  INFO 10160 --- [main] .j.u.r.UserManagementRestControllerTests : Starting UserManagementRestControllerTests using Java 17.0.9 with PID 10160 (started by usuario in D:\Proyectos\usermanagement)
2023-11-17T12:26:00.583-05:00  INFO 10160 --- [main] .j.u.r.UserManagementRestControllerTests : No active profile set, falling back to 1 default profile: "default"
2023-11-17T12:26:00.606-05:00 TRACE 10160 --- [main] o.s.w.c.s.GenericWebApplicationContext   : Refreshing org.springframework.web.context.support.GenericWebApplicationContext@467f77a5, started on Fri Nov 17 12:26:00 COT 2023
2023-11-17T12:26:01.236-05:00  INFO 10160 --- [main] .s.d.r.c.RepositoryConfigurationDelegate : Bootstrapping Spring Data JPA repositories in DEFAULT mode.
2023-11-17T12:26:01.303-05:00  INFO 10160 --- [main] .s.d.r.c.RepositoryConfigurationDelegate : Finished Spring Data repository scanning in 55 ms. Found 3 JPA repository interfaces.
2023-11-17T12:26:01.559-05:00 TRACE 10160 --- [main] o.s.w.c.s.GenericWebApplicationContext   : No 'messageSource' bean, using [Empty MessageSource]
2023-11-17T12:26:01.559-05:00 TRACE 10160 --- [main] o.s.w.c.s.GenericWebApplicationContext   : No 'applicationEventMulticaster' bean, using [SimpleApplicationEventMulticaster]
2023-11-17T12:26:01.669-05:00 DEBUG 10160 --- [main] o.s.jdbc.datasource.DataSourceUtils      : Fetching JDBC Connection from DataSource
2023-11-17T12:26:01.670-05:00  INFO 10160 --- [main] com.zaxxer.hikari.HikariDataSource       : HikariPool-1 - Starting...
2023-11-17T12:26:01.813-05:00  INFO 10160 --- [main] com.zaxxer.hikari.pool.HikariPool        : HikariPool-1 - Added connection conn0: url=jdbc:h2:mem:71108c62-627d-4547-98bc-98818c96aa78 user=SA
2023-11-17T12:26:01.815-05:00  INFO 10160 --- [main] com.zaxxer.hikari.HikariDataSource       : HikariPool-1 - Start completed.
2023-11-17T12:26:01.832-05:00 DEBUG 10160 --- [main] o.s.jdbc.datasource.DataSourceUtils      : Fetching JDBC Connection from DataSource
2023-11-17T12:26:01.832-05:00 DEBUG 10160 --- [main] o.s.jdbc.datasource.init.ScriptUtils     : Executing SQL script from file [D:\Proyectos\usermanagement\target\classes\schema.sql]
2023-11-17T12:26:01.842-05:00 DEBUG 10160 --- [main] o.s.jdbc.datasource.init.ScriptUtils     : 0 returned as update count for SQL: CREATE TABLE USERM ( id uuid DEFAULT random_uuid() PRIMARY KEY, uname VARCHAR(255) NOT NULL, email VARCHAR(255) NOT NULL, passw VARCHAR(500) NOT NULL, created_at timestamp not null default current_timestamp, updated_at timestamp null default current_timestamp, last_login timestamp null default current_timestamp, is_active boolean not null default true )
2023-11-17T12:26:01.852-05:00 DEBUG 10160 --- [main] o.s.jdbc.datasource.init.ScriptUtils     : 0 returned as update count for SQL: CREATE TABLE PHONE ( id uuid DEFAULT random_uuid() PRIMARY KEY, pnumber VARCHAR(255), city_code VARCHAR(255), country_code VARCHAR(255), user_id UUID NULL, created_at timestamp not null default current_timestamp, updated_at timestamp null default current_timestamp, CONSTRAINT FK_USER_ID FOREIGN KEY (user_id) REFERENCES USERM(id) )
2023-11-17T12:26:01.853-05:00 DEBUG 10160 --- [main] o.s.jdbc.datasource.init.ScriptUtils     : 0 returned as update count for SQL: CREATE TABLE CONFIGURATIONAPP ( id uuid DEFAULT random_uuid() PRIMARY KEY, name_parameter VARCHAR(255), value_parameter VARCHAR(255) )
2023-11-17T12:26:01.855-05:00 DEBUG 10160 --- [main] o.s.jdbc.datasource.init.ScriptUtils     : Executed SQL script from file [D:\Proyectos\usermanagement\target\classes\schema.sql] in 20 ms.
2023-11-17T12:26:01.855-05:00 DEBUG 10160 --- [main] o.s.jdbc.datasource.DataSourceUtils      : Fetching JDBC Connection from DataSource
2023-11-17T12:26:01.856-05:00 DEBUG 10160 --- [main] o.s.jdbc.datasource.DataSourceUtils      : Fetching JDBC Connection from DataSource
2023-11-17T12:26:01.856-05:00 DEBUG 10160 --- [main] o.s.jdbc.datasource.init.ScriptUtils     : Executing SQL script from file [D:\Proyectos\usermanagement\target\classes\data.sql]
2023-11-17T12:26:01.860-05:00 DEBUG 10160 --- [main] o.s.jdbc.datasource.init.ScriptUtils     : 3 returned as update count for SQL: INSERT INTO USERM (id,uname, email, passw) VALUES ('123e4567-e89b-12d3-a456-426614174001','John Doe', 'john.doe@example.com', 'password123'), ('123e4567-e89b-12d3-a456-426614174002','Alice Smith', 'alice.smith@example.com', 'securepass'), ('123e4567-e89b-12d3-a456-426614174003','Bob Johnson', 'bob.johnson@example.com', 'mysecretpassword')
2023-11-17T12:26:01.864-05:00 DEBUG 10160 --- [main] o.s.jdbc.datasource.init.ScriptUtils     : 6 returned as update count for SQL: INSERT INTO PHONE (pnumber, city_code, country_code, user_id) VALUES ('123-456-7890', 123.45, 1, '123e4567-e89b-12d3-a456-426614174001'), ('987-654-3210', 987.65, 2, '123e4567-e89b-12d3-a456-426614174002'), ('555-123-4567', 555.55, 3, '123e4567-e89b-12d3-a456-426614174003'), ('555-987-6543', 555.98, 1, '123e4567-e89b-12d3-a456-426614174001'), ('222-333-4444', 222.33, 2, '123e4567-e89b-12d3-a456-426614174002'), ('777-888-9999', 777.88, 3, '123e4567-e89b-12d3-a456-426614174003')
2023-11-17T12:26:01.865-05:00 DEBUG 10160 --- [main] o.s.jdbc.datasource.init.ScriptUtils     : 1 returned as update count for SQL: INSERT INTO CONFIGURATIONAPP (name_parameter, value_parameter) VALUES ('REGEX_PASSWORD', '^(?=.*[A-Z])(?=.*[!@#$%^&*()-+_?])(?=.*\d).{12,}$')
2023-11-17T12:26:01.865-05:00 DEBUG 10160 --- [main] o.s.jdbc.datasource.init.ScriptUtils     : Executed SQL script from file [D:\Proyectos\usermanagement\target\classes\data.sql] in 9 ms.
2023-11-17T12:26:01.936-05:00  INFO 10160 --- [main] o.hibernate.jpa.internal.util.LogHelper  : HHH000204: Processing PersistenceUnitInfo [name: default]
2023-11-17T12:26:02.000-05:00  INFO 10160 --- [main] org.hibernate.Version                    : HHH000412: Hibernate ORM core version 6.2.13.Final
2023-11-17T12:26:02.005-05:00  INFO 10160 --- [main] org.hibernate.cfg.Environment            : HHH000406: Using bytecode reflection optimizer
2023-11-17T12:26:02.222-05:00  INFO 10160 --- [main] o.s.o.j.p.SpringPersistenceUnitInfo      : No LoadTimeWeaver setup: ignoring JPA class transformer
2023-11-17T12:26:02.952-05:00  INFO 10160 --- [main] o.h.e.t.j.p.i.JtaPlatformInitiator       : HHH000489: No JTA platform available (set 'hibernate.transaction.jta.platform' to enable JTA platform integration)
2023-11-17T12:26:02.977-05:00  INFO 10160 --- [main] j.LocalContainerEntityManagerFactoryBean : Initialized JPA EntityManagerFactory for persistence unit 'default'
2023-11-17T12:26:03.194-05:00  INFO 10160 --- [main] o.s.d.j.r.query.QueryEnhancerFactory     : Hibernate is in classpath; If applicable, HQL parser will be used.
2023-11-17T12:26:03.720-05:00  WARN 10160 --- [main] JpaBaseConfiguration$JpaWebConfiguration : spring.jpa.open-in-view is enabled by default. Therefore, database queries may be performed during view rendering. Explicitly configure spring.jpa.open-in-view to disable this warning
2023-11-17T12:26:03.847-05:00 DEBUG 10160 --- [main] s.w.s.m.m.a.RequestMappingHandlerAdapter : ControllerAdvice beans: 0 @ModelAttribute, 0 @InitBinder, 1 RequestBodyAdvice, 1 ResponseBodyAdvice
2023-11-17T12:26:03.926-05:00 TRACE 10160 --- [main] s.w.s.m.m.a.RequestMappingHandlerMapping : 
	c.j.u.c.UserManagementRestController:
	{POST [/api/v1/user]}: createUser(User)
	{GET [/api/v1/user]}: getUsers()
	{GET [/api/v1/user/{id}]}: getUserById(UUID)
	{PUT [/api/v1/user/{id}]}: updateUser(UUID,User)
2023-11-17T12:26:03.931-05:00 TRACE 10160 --- [main] s.w.s.m.m.a.RequestMappingHandlerMapping : 
	o.s.b.a.w.s.e.BasicErrorController:
	{ [/error]}: error(HttpServletRequest)
	{ [/error], produces [text/html]}: errorHtml(HttpServletRequest,HttpServletResponse)
2023-11-17T12:26:03.937-05:00 TRACE 10160 --- [main] s.w.s.m.m.a.RequestMappingHandlerMapping : 
	o.s.w.a.OpenApiWebMvcResource:
	{GET [/api-docs], produces [application/json]}: openapiJson(HttpServletRequest,String,Locale)
	{GET [/api-docs.yaml], produces [application/vnd.oai.openapi]}: openapiYaml(HttpServletRequest,String,Locale)
2023-11-17T12:26:03.938-05:00 TRACE 10160 --- [main] s.w.s.m.m.a.RequestMappingHandlerMapping : 
	o.s.w.u.SwaggerWelcomeWebMvc:
	{GET [/swagger-ui.html]}: redirectToUi(HttpServletRequest)
2023-11-17T12:26:03.939-05:00 TRACE 10160 --- [main] s.w.s.m.m.a.RequestMappingHandlerMapping : 
	o.s.w.u.SwaggerConfigResource:
	{GET [/api-docs/swagger-config], produces [application/json]}: openapiJson(HttpServletRequest)
2023-11-17T12:26:03.942-05:00 DEBUG 10160 --- [main] s.w.s.m.m.a.RequestMappingHandlerMapping : 10 mappings in 'requestMappingHandlerMapping'
2023-11-17T12:26:03.949-05:00 DEBUG 10160 --- [main] o.s.w.s.h.BeanNameUrlHandlerMapping      : Detected 0 mappings in 'beanNameHandlerMapping'
2023-11-17T12:26:03.952-05:00 TRACE 10160 --- [main] o.s.w.s.f.support.RouterFunctionMapping  : 0 RouterFunction(s) in 'routerFunctionMapping'
2023-11-17T12:26:03.963-05:00 TRACE 10160 --- [main] o.s.w.s.handler.SimpleUrlHandlerMapping  : Mapped [/webjars/**] onto ResourceHttpRequestHandler [classpath [META-INF/resources/webjars/]]
2023-11-17T12:26:03.964-05:00 TRACE 10160 --- [main] o.s.w.s.handler.SimpleUrlHandlerMapping  : Mapped [/**] onto ResourceHttpRequestHandler [classpath [META-INF/resources/], classpath [resources/], classpath [static/], classpath [public/], ServletContext [/]]
2023-11-17T12:26:03.965-05:00 TRACE 10160 --- [main] o.s.w.s.handler.SimpleUrlHandlerMapping  : Mapped [/swagger-ui*/*swagger-initializer.js] onto ResourceHttpRequestHandler [classpath [META-INF/resources/webjars/]]
2023-11-17T12:26:03.965-05:00 TRACE 10160 --- [main] o.s.w.s.handler.SimpleUrlHandlerMapping  : Mapped [/swagger-ui*/**] onto ResourceHttpRequestHandler [classpath [META-INF/resources/webjars/]]
2023-11-17T12:26:03.965-05:00 DEBUG 10160 --- [main] o.s.w.s.handler.SimpleUrlHandlerMapping  : Patterns [/webjars/**, /**, /swagger-ui*/*swagger-initializer.js, /swagger-ui*/**] in 'resourceHandlerMapping'
2023-11-17T12:26:03.973-05:00 DEBUG 10160 --- [main] .m.m.a.ExceptionHandlerExceptionResolver : ControllerAdvice beans: 1 @ExceptionHandler, 1 ResponseBodyAdvice
2023-11-17T12:26:04.146-05:00  INFO 10160 --- [main] o.s.b.t.m.w.SpringBootMockServletContext : Initializing Spring TestDispatcherServlet ''
2023-11-17T12:26:04.146-05:00  INFO 10160 --- [main] o.s.t.web.servlet.TestDispatcherServlet  : Initializing Servlet ''
2023-11-17T12:26:04.147-05:00  INFO 10160 --- [main] o.s.t.web.servlet.TestDispatcherServlet  : Completed initialization in 1 ms
2023-11-17T12:26:04.156-05:00 TRACE 10160 --- [main] o.s.w.c.s.GenericWebApplicationContext   : Using LifecycleProcessor [org.springframework.context.support.DefaultLifecycleProcessor@78395e28]
2023-11-17T12:26:04.167-05:00  INFO 10160 --- [main] .j.u.r.UserManagementRestControllerTests : Started UserManagementRestControllerTests in 3.82 seconds (process running for 4.568)
2023-11-17T12:26:04.630-05:00 TRACE 10160 --- [main] s.w.s.m.m.a.RequestMappingHandlerMapping : Mapped to com.jhoncontreras.usermanagement.controller.UserManagementRestController#getUsers()
2023-11-17T12:26:04.639-05:00 TRACE 10160 --- [main] o.s.web.method.HandlerMethod             : Arguments: []
2023-11-17T12:26:04.650-05:00 DEBUG 10160 --- [main] o.s.jdbc.datasource.DataSourceUtils      : Setting JDBC Connection [HikariProxyConnection@1866281916 wrapping conn0: url=jdbc:h2:mem:71108c62-627d-4547-98bc-98818c96aa78 user=SA] read-only
2023-11-17T12:26:04.756-05:00 DEBUG 10160 --- [main] o.s.jdbc.datasource.DataSourceUtils      : Resetting read-only flag of JDBC Connection [HikariProxyConnection@1866281916 wrapping conn0: url=jdbc:h2:mem:71108c62-627d-4547-98bc-98818c96aa78 user=SA]
2023-11-17T12:26:04.786-05:00 DEBUG 10160 --- [main] o.s.w.s.m.m.a.HttpEntityMethodProcessor  : Using 'application/json', given [*/*] and supported [application/json, application/*+json]
2023-11-17T12:26:04.788-05:00 TRACE 10160 --- [main] o.s.w.s.m.m.a.HttpEntityMethodProcessor  : Writing [com.jhoncontreras.usermanagement.controller.dto.BaseResponseDto@142dbf1a]
2023-11-17T12:26:04.805-05:00 TRACE 10160 --- [main] s.w.s.m.m.a.RequestMappingHandlerAdapter : Applying default cacheSeconds=-1
2023-11-17T12:26:04.859-05:00 TRACE 10160 --- [main] s.w.s.m.m.a.RequestMappingHandlerMapping : Mapped to com.jhoncontreras.usermanagement.controller.UserManagementRestController#updateUser(UUID, User)
2023-11-17T12:26:04.889-05:00 TRACE 10160 --- [main] m.m.a.RequestResponseBodyMethodProcessor : Read "application/json;charset=UTF-8" to [User [id=123e4567-e89b-12d3-a456-426614174001, name=John Doe Modified, email=john.doe@example.com, phones=[Phone [id=null, number=12345566770, cityCode=COUpdated, countryCode=COUpdated, createdAt=null, updatedAt=null]], createdAt=null, updatedAt=null, lastLogin=null, isActive=false]]
2023-11-17T12:26:04.891-05:00 TRACE 10160 --- [main] o.s.web.method.HandlerMethod             : Arguments: [123e4567-e89b-12d3-a456-426614174001, User [id=123e4567-e89b-12d3-a456-426614174001, name=John Doe Modified, email=john.doe@example.com, phones=[Phone [id=null, number=12345566770, cityCode=COUpdated, countryCode=COUpdated, createdAt=null, updatedAt=null]], createdAt=null, updatedAt=null, lastLogin=null, isActive=false]]
2023-11-17T12:26:05.000-05:00 DEBUG 10160 --- [main] o.s.w.s.m.m.a.HttpEntityMethodProcessor  : Using 'application/json', given [*/*] and supported [application/json, application/*+json]
2023-11-17T12:26:05.000-05:00 TRACE 10160 --- [main] o.s.w.s.m.m.a.HttpEntityMethodProcessor  : Writing [com.jhoncontreras.usermanagement.controller.dto.BaseResponseDto@6e0d7be4]
2023-11-17T12:26:05.001-05:00 TRACE 10160 --- [main] s.w.s.m.m.a.RequestMappingHandlerAdapter : Applying default cacheSeconds=-1
2023-11-17T12:26:05.010-05:00 TRACE 10160 --- [main] s.w.s.m.m.a.RequestMappingHandlerMapping : Mapped to com.jhoncontreras.usermanagement.controller.UserManagementRestController#createUser(User)
2023-11-17T12:26:05.011-05:00 TRACE 10160 --- [main] m.m.a.RequestResponseBodyMethodProcessor : Read "application/json;charset=UTF-8" to [User [id=null, name=John Doe, email=john.doe@example.com, phones=[Phone [id=null, number=1234556677, cityCode=CO, countryCode=CO, createdAt=null, updatedAt=null]], createdAt=null, updatedAt=null, lastLogin=null, isActive=false]]
2023-11-17T12:26:05.011-05:00 TRACE 10160 --- [main] o.s.web.method.HandlerMethod             : Arguments: [User [id=null, name=John Doe, email=john.doe@example.com, phones=[Phone [id=null, number=1234556677, cityCode=CO, countryCode=CO, createdAt=null, updatedAt=null]], createdAt=null, updatedAt=null, lastLogin=null, isActive=false]]
2023-11-17T12:26:05.018-05:00 DEBUG 10160 --- [main] o.s.w.s.m.m.a.HttpEntityMethodProcessor  : Using 'application/json', given [*/*] and supported [application/json, application/*+json]
2023-11-17T12:26:05.018-05:00 TRACE 10160 --- [main] o.s.w.s.m.m.a.HttpEntityMethodProcessor  : Writing [com.jhoncontreras.usermanagement.controller.dto.BaseResponseDto@d0993f0]
2023-11-17T12:26:05.019-05:00 TRACE 10160 --- [main] s.w.s.m.m.a.RequestMappingHandlerAdapter : Applying default cacheSeconds=-1
2023-11-17T12:26:05.028-05:00 TRACE 10160 --- [main] s.w.s.m.m.a.RequestMappingHandlerMapping : Mapped to com.jhoncontreras.usermanagement.controller.UserManagementRestController#createUser(User)
2023-11-17T12:26:05.029-05:00 TRACE 10160 --- [main] m.m.a.RequestResponseBodyMethodProcessor : Read "application/json;charset=UTF-8" to [User [id=null, name=John Doe, email=john.doe@example.com, phones=[Phone [id=null, number=1234556677, cityCode=CO, countryCode=CO, createdAt=null, updatedAt=null]], createdAt=null, updatedAt=null, lastLogin=null, isActive=false]]
2023-11-17T12:26:05.030-05:00 TRACE 10160 --- [main] o.s.web.method.HandlerMethod             : Arguments: [User [id=null, name=John Doe, email=john.doe@example.com, phones=[Phone [id=null, number=1234556677, cityCode=CO, countryCode=CO, createdAt=null, updatedAt=null]], createdAt=null, updatedAt=null, lastLogin=null, isActive=false]]
2023-11-17T12:26:05.036-05:00 DEBUG 10160 --- [main] o.s.w.s.m.m.a.HttpEntityMethodProcessor  : Using 'application/json', given [*/*] and supported [application/json, application/*+json]
2023-11-17T12:26:05.037-05:00 TRACE 10160 --- [main] o.s.w.s.m.m.a.HttpEntityMethodProcessor  : Writing [com.jhoncontreras.usermanagement.controller.dto.BaseResponseDto@5d63d553]
2023-11-17T12:26:05.037-05:00 TRACE 10160 --- [main] s.w.s.m.m.a.RequestMappingHandlerAdapter : Applying default cacheSeconds=-1
2023-11-17T12:26:05.046-05:00 TRACE 10160 --- [main] s.w.s.m.m.a.RequestMappingHandlerMapping : Mapped to com.jhoncontreras.usermanagement.controller.UserManagementRestController#createUser(User)
2023-11-17T12:26:05.047-05:00 TRACE 10160 --- [main] m.m.a.RequestResponseBodyMethodProcessor : Read "application/json;charset=UTF-8" to [User [id=null, name=Jhon Contreras, email=jhon@contreras.com, phones=[Phone [id=null, number=1234556677, cityCode=CO, countryCode=CO, createdAt=null, updatedAt=null]], createdAt=null, updatedAt=null, lastLogin=null, isActive=false]]
2023-11-17T12:26:05.047-05:00 TRACE 10160 --- [main] o.s.web.method.HandlerMethod             : Arguments: [User [id=null, name=Jhon Contreras, email=jhon@contreras.com, phones=[Phone [id=null, number=1234556677, cityCode=CO, countryCode=CO, createdAt=null, updatedAt=null]], createdAt=null, updatedAt=null, lastLogin=null, isActive=false]]
2023-11-17T12:26:05.063-05:00 DEBUG 10160 --- [main] o.s.w.s.m.m.a.HttpEntityMethodProcessor  : Using 'application/json', given [*/*] and supported [application/json, application/*+json]
2023-11-17T12:26:05.063-05:00 TRACE 10160 --- [main] o.s.w.s.m.m.a.HttpEntityMethodProcessor  : Writing [com.jhoncontreras.usermanagement.controller.dto.BaseResponseDto@2763500e]
2023-11-17T12:26:05.064-05:00 TRACE 10160 --- [main] s.w.s.m.m.a.RequestMappingHandlerAdapter : Applying default cacheSeconds=-1
2023-11-17T12:26:05.076-05:00 TRACE 10160 --- [main] s.w.s.m.m.a.RequestMappingHandlerMapping : Mapped to com.jhoncontreras.usermanagement.controller.UserManagementRestController#updateUser(UUID, User)
2023-11-17T12:26:05.077-05:00 TRACE 10160 --- [main] m.m.a.RequestResponseBodyMethodProcessor : Read "application/json;charset=UTF-8" to [User [id=123e4567-e89b-12d3-a456-426614174001, name=John Doe Modified, email=alice.smith@example.com, phones=[Phone [id=null, number=1234556677Updated, cityCode=COUpdated, countryCode=COUpdated, createdAt=null, updatedAt=null]], createdAt=null, updatedAt=null, lastLogin=null, isActive=false]]
2023-11-17T12:26:05.078-05:00 TRACE 10160 --- [main] o.s.web.method.HandlerMethod             : Arguments: [123e4567-e89b-12d3-a456-426614174001, User [id=123e4567-e89b-12d3-a456-426614174001, name=John Doe Modified, email=alice.smith@example.com, phones=[Phone [id=null, number=1234556677Updated, cityCode=COUpdated, countryCode=COUpdated, createdAt=null, updatedAt=null]], createdAt=null, updatedAt=null, lastLogin=null, isActive=false]]
2023-11-17T12:26:05.083-05:00 DEBUG 10160 --- [main] o.s.w.s.m.m.a.HttpEntityMethodProcessor  : Using 'application/json', given [*/*] and supported [application/json, application/*+json]
2023-11-17T12:26:05.084-05:00 TRACE 10160 --- [main] o.s.w.s.m.m.a.HttpEntityMethodProcessor  : Writing [com.jhoncontreras.usermanagement.controller.dto.BaseResponseDto@2692910f]
2023-11-17T12:26:05.084-05:00 TRACE 10160 --- [main] s.w.s.m.m.a.RequestMappingHandlerAdapter : Applying default cacheSeconds=-1
2023-11-17T12:26:05.090-05:00 TRACE 10160 --- [main] s.w.s.m.m.a.RequestMappingHandlerMapping : Mapped to com.jhoncontreras.usermanagement.controller.UserManagementRestController#createUser(User)
2023-11-17T12:26:05.093-05:00  WARN 10160 --- [main] .w.s.m.s.DefaultHandlerExceptionResolver : Resolved [org.springframework.http.converter.HttpMessageNotReadableException: Required request body is missing: public org.springframework.http.ResponseEntity<com.jhoncontreras.usermanagement.controller.dto.BaseResponseDto<com.jhoncontreras.usermanagement.controller.dto.UserJwtTokenDto>> com.jhoncontreras.usermanagement.controller.UserManagementRestController.createUser(com.jhoncontreras.usermanagement.model.User)]
2023-11-17T12:26:05.099-05:00 TRACE 10160 --- [main] s.w.s.m.m.a.RequestMappingHandlerMapping : Mapped to com.jhoncontreras.usermanagement.controller.UserManagementRestController#updateUser(UUID, User)
2023-11-17T12:26:05.100-05:00 TRACE 10160 --- [main] m.m.a.RequestResponseBodyMethodProcessor : Read "application/json;charset=UTF-8" to [User [id=123e4567-e89b-12d3-a456-426614174001, name=John Doe Modified, email=alice.smith@example.com, phones=[Phone [id=null, number=1234556677Updated, cityCode=COUpdated, countryCode=COUpdated, createdAt=null, updatedAt=null]], createdAt=null, updatedAt=null, lastLogin=null, isActive=false]]
2023-11-17T12:26:05.100-05:00 TRACE 10160 --- [main] o.s.web.method.HandlerMethod             : Arguments: [123e4567-e89b-12d3-a456-426614174001, User [id=123e4567-e89b-12d3-a456-426614174001, name=John Doe Modified, email=alice.smith@example.com, phones=[Phone [id=null, number=1234556677Updated, cityCode=COUpdated, countryCode=COUpdated, createdAt=null, updatedAt=null]], createdAt=null, updatedAt=null, lastLogin=null, isActive=false]]
2023-11-17T12:26:05.104-05:00 DEBUG 10160 --- [main] o.s.w.s.m.m.a.HttpEntityMethodProcessor  : Using 'application/json', given [*/*] and supported [application/json, application/*+json]
2023-11-17T12:26:05.104-05:00 TRACE 10160 --- [main] o.s.w.s.m.m.a.HttpEntityMethodProcessor  : Writing [com.jhoncontreras.usermanagement.controller.dto.BaseResponseDto@5e4874ae]
2023-11-17T12:26:05.105-05:00 TRACE 10160 --- [main] s.w.s.m.m.a.RequestMappingHandlerAdapter : Applying default cacheSeconds=-1
2023-11-17T12:26:05.215-05:00 DEBUG 10160 --- [SpringApplicationShutdownHook] o.s.w.c.s.GenericWebApplicationContext   : Closing org.springframework.web.context.support.GenericWebApplicationContext@467f77a5, started on Fri Nov 17 12:26:00 COT 2023
2023-11-17T12:26:05.219-05:00  INFO 10160 --- [SpringApplicationShutdownHook] j.LocalContainerEntityManagerFactoryBean : Closing JPA EntityManagerFactory for persistence unit 'default'
2023-11-17T12:26:05.222-05:00  INFO 10160 --- [SpringApplicationShutdownHook] com.zaxxer.hikari.HikariDataSource       : HikariPool-1 - Shutdown initiated...
2023-11-17T12:26:05.227-05:00  INFO 10160 --- [SpringApplicationShutdownHook] com.zaxxer.hikari.HikariDataSource       : HikariPool-1 - Shutdown completed.
2023-11-17T12:29:26.697-05:00  INFO 10404 --- [main] .j.u.r.UserManagementRestControllerTests : Starting UserManagementRestControllerTests using Java 17.0.9 with PID 10404 (started by usuario in D:\Proyectos\usermanagement)
2023-11-17T12:29:26.698-05:00  INFO 10404 --- [main] .j.u.r.UserManagementRestControllerTests : No active profile set, falling back to 1 default profile: "default"
2023-11-17T12:29:26.720-05:00 TRACE 10404 --- [main] o.s.w.c.s.GenericWebApplicationContext   : Refreshing org.springframework.web.context.support.GenericWebApplicationContext@467f77a5, started on Fri Nov 17 12:29:26 COT 2023
2023-11-17T12:29:27.350-05:00  INFO 10404 --- [main] .s.d.r.c.RepositoryConfigurationDelegate : Bootstrapping Spring Data JPA repositories in DEFAULT mode.
2023-11-17T12:29:27.415-05:00  INFO 10404 --- [main] .s.d.r.c.RepositoryConfigurationDelegate : Finished Spring Data repository scanning in 56 ms. Found 3 JPA repository interfaces.
2023-11-17T12:29:27.674-05:00 TRACE 10404 --- [main] o.s.w.c.s.GenericWebApplicationContext   : No 'messageSource' bean, using [Empty MessageSource]
2023-11-17T12:29:27.674-05:00 TRACE 10404 --- [main] o.s.w.c.s.GenericWebApplicationContext   : No 'applicationEventMulticaster' bean, using [SimpleApplicationEventMulticaster]
2023-11-17T12:29:27.790-05:00 DEBUG 10404 --- [main] o.s.jdbc.datasource.DataSourceUtils      : Fetching JDBC Connection from DataSource
2023-11-17T12:29:27.791-05:00  INFO 10404 --- [main] com.zaxxer.hikari.HikariDataSource       : HikariPool-1 - Starting...
2023-11-17T12:29:27.926-05:00  INFO 10404 --- [main] com.zaxxer.hikari.pool.HikariPool        : HikariPool-1 - Added connection conn0: url=jdbc:h2:mem:5d08d0b2-ec59-48d4-b603-b7ffe3e48304 user=SA
2023-11-17T12:29:27.927-05:00  INFO 10404 --- [main] com.zaxxer.hikari.HikariDataSource       : HikariPool-1 - Start completed.
2023-11-17T12:29:27.943-05:00 DEBUG 10404 --- [main] o.s.jdbc.datasource.DataSourceUtils      : Fetching JDBC Connection from DataSource
2023-11-17T12:29:27.944-05:00 DEBUG 10404 --- [main] o.s.jdbc.datasource.init.ScriptUtils     : Executing SQL script from file [D:\Proyectos\usermanagement\target\classes\schema.sql]
2023-11-17T12:29:27.956-05:00 DEBUG 10404 --- [main] o.s.jdbc.datasource.init.ScriptUtils     : 0 returned as update count for SQL: CREATE TABLE USERM ( id uuid DEFAULT random_uuid() PRIMARY KEY, uname VARCHAR(255) NOT NULL, email VARCHAR(255) NOT NULL, passw VARCHAR(500) NOT NULL, created_at timestamp not null default current_timestamp, updated_at timestamp null default current_timestamp, last_login timestamp null default current_timestamp, is_active boolean not null default true )
2023-11-17T12:29:27.967-05:00 DEBUG 10404 --- [main] o.s.jdbc.datasource.init.ScriptUtils     : 0 returned as update count for SQL: CREATE TABLE PHONE ( id uuid DEFAULT random_uuid() PRIMARY KEY, pnumber VARCHAR(255), city_code VARCHAR(255), country_code VARCHAR(255), user_id UUID NULL, created_at timestamp not null default current_timestamp, updated_at timestamp null default current_timestamp, CONSTRAINT FK_USER_ID FOREIGN KEY (user_id) REFERENCES USERM(id) )
2023-11-17T12:29:27.968-05:00 DEBUG 10404 --- [main] o.s.jdbc.datasource.init.ScriptUtils     : 0 returned as update count for SQL: CREATE TABLE CONFIGURATIONAPP ( id uuid DEFAULT random_uuid() PRIMARY KEY, name_parameter VARCHAR(255), value_parameter VARCHAR(255) )
2023-11-17T12:29:27.970-05:00 DEBUG 10404 --- [main] o.s.jdbc.datasource.init.ScriptUtils     : Executed SQL script from file [D:\Proyectos\usermanagement\target\classes\schema.sql] in 24 ms.
2023-11-17T12:29:27.971-05:00 DEBUG 10404 --- [main] o.s.jdbc.datasource.DataSourceUtils      : Fetching JDBC Connection from DataSource
2023-11-17T12:29:27.971-05:00 DEBUG 10404 --- [main] o.s.jdbc.datasource.DataSourceUtils      : Fetching JDBC Connection from DataSource
2023-11-17T12:29:27.971-05:00 DEBUG 10404 --- [main] o.s.jdbc.datasource.init.ScriptUtils     : Executing SQL script from file [D:\Proyectos\usermanagement\target\classes\data.sql]
2023-11-17T12:29:27.975-05:00 DEBUG 10404 --- [main] o.s.jdbc.datasource.init.ScriptUtils     : 3 returned as update count for SQL: INSERT INTO USERM (id,uname, email, passw) VALUES ('123e4567-e89b-12d3-a456-426614174001','John Doe', 'john.doe@example.com', 'password123'), ('123e4567-e89b-12d3-a456-426614174002','Alice Smith', 'alice.smith@example.com', 'securepass'), ('123e4567-e89b-12d3-a456-426614174003','Bob Johnson', 'bob.johnson@example.com', 'mysecretpassword')
2023-11-17T12:29:27.980-05:00 DEBUG 10404 --- [main] o.s.jdbc.datasource.init.ScriptUtils     : 6 returned as update count for SQL: INSERT INTO PHONE (pnumber, city_code, country_code, user_id) VALUES ('123-456-7890', 123.45, 1, '123e4567-e89b-12d3-a456-426614174001'), ('987-654-3210', 987.65, 2, '123e4567-e89b-12d3-a456-426614174002'), ('555-123-4567', 555.55, 3, '123e4567-e89b-12d3-a456-426614174003'), ('555-987-6543', 555.98, 1, '123e4567-e89b-12d3-a456-426614174001'), ('222-333-4444', 222.33, 2, '123e4567-e89b-12d3-a456-426614174002'), ('777-888-9999', 777.88, 3, '123e4567-e89b-12d3-a456-426614174003')
2023-11-17T12:29:27.981-05:00 DEBUG 10404 --- [main] o.s.jdbc.datasource.init.ScriptUtils     : 1 returned as update count for SQL: INSERT INTO CONFIGURATIONAPP (name_parameter, value_parameter) VALUES ('REGEX_PASSWORD', '^(?=.*[A-Z])(?=.*[!@#$%^&*()-+_?])(?=.*\d).{12,}$')
2023-11-17T12:29:27.981-05:00 DEBUG 10404 --- [main] o.s.jdbc.datasource.init.ScriptUtils     : Executed SQL script from file [D:\Proyectos\usermanagement\target\classes\data.sql] in 10 ms.
2023-11-17T12:29:28.047-05:00  INFO 10404 --- [main] o.hibernate.jpa.internal.util.LogHelper  : HHH000204: Processing PersistenceUnitInfo [name: default]
2023-11-17T12:29:28.107-05:00  INFO 10404 --- [main] org.hibernate.Version                    : HHH000412: Hibernate ORM core version 6.2.13.Final
2023-11-17T12:29:28.109-05:00  INFO 10404 --- [main] org.hibernate.cfg.Environment            : HHH000406: Using bytecode reflection optimizer
2023-11-17T12:29:28.335-05:00  INFO 10404 --- [main] o.s.o.j.p.SpringPersistenceUnitInfo      : No LoadTimeWeaver setup: ignoring JPA class transformer
2023-11-17T12:29:29.045-05:00  INFO 10404 --- [main] o.h.e.t.j.p.i.JtaPlatformInitiator       : HHH000489: No JTA platform available (set 'hibernate.transaction.jta.platform' to enable JTA platform integration)
2023-11-17T12:29:29.079-05:00  INFO 10404 --- [main] j.LocalContainerEntityManagerFactoryBean : Initialized JPA EntityManagerFactory for persistence unit 'default'
2023-11-17T12:29:29.330-05:00  INFO 10404 --- [main] o.s.d.j.r.query.QueryEnhancerFactory     : Hibernate is in classpath; If applicable, HQL parser will be used.
2023-11-17T12:29:29.858-05:00  WARN 10404 --- [main] JpaBaseConfiguration$JpaWebConfiguration : spring.jpa.open-in-view is enabled by default. Therefore, database queries may be performed during view rendering. Explicitly configure spring.jpa.open-in-view to disable this warning
2023-11-17T12:29:29.975-05:00 DEBUG 10404 --- [main] s.w.s.m.m.a.RequestMappingHandlerAdapter : ControllerAdvice beans: 0 @ModelAttribute, 0 @InitBinder, 1 RequestBodyAdvice, 1 ResponseBodyAdvice
2023-11-17T12:29:30.041-05:00 TRACE 10404 --- [main] s.w.s.m.m.a.RequestMappingHandlerMapping : 
	c.j.u.c.UserManagementRestController:
	{GET [/api/v1/user]}: getUsers()
	{GET [/api/v1/user/{id}]}: getUserById(UUID)
	{PUT [/api/v1/user/{id}]}: updateUser(UUID,User)
	{POST [/api/v1/user]}: createUser(User)
2023-11-17T12:29:30.045-05:00 TRACE 10404 --- [main] s.w.s.m.m.a.RequestMappingHandlerMapping : 
	o.s.b.a.w.s.e.BasicErrorController:
	{ [/error]}: error(HttpServletRequest)
	{ [/error], produces [text/html]}: errorHtml(HttpServletRequest,HttpServletResponse)
2023-11-17T12:29:30.053-05:00 TRACE 10404 --- [main] s.w.s.m.m.a.RequestMappingHandlerMapping : 
	o.s.w.a.OpenApiWebMvcResource:
	{GET [/api-docs.yaml], produces [application/vnd.oai.openapi]}: openapiYaml(HttpServletRequest,String,Locale)
	{GET [/api-docs], produces [application/json]}: openapiJson(HttpServletRequest,String,Locale)
2023-11-17T12:29:30.054-05:00 TRACE 10404 --- [main] s.w.s.m.m.a.RequestMappingHandlerMapping : 
	o.s.w.u.SwaggerWelcomeWebMvc:
	{GET [/swagger-ui.html]}: redirectToUi(HttpServletRequest)
2023-11-17T12:29:30.055-05:00 TRACE 10404 --- [main] s.w.s.m.m.a.RequestMappingHandlerMapping : 
	o.s.w.u.SwaggerConfigResource:
	{GET [/api-docs/swagger-config], produces [application/json]}: openapiJson(HttpServletRequest)
2023-11-17T12:29:30.057-05:00 DEBUG 10404 --- [main] s.w.s.m.m.a.RequestMappingHandlerMapping : 10 mappings in 'requestMappingHandlerMapping'
2023-11-17T12:29:30.063-05:00 DEBUG 10404 --- [main] o.s.w.s.h.BeanNameUrlHandlerMapping      : Detected 0 mappings in 'beanNameHandlerMapping'
2023-11-17T12:29:30.071-05:00 TRACE 10404 --- [main] o.s.w.s.f.support.RouterFunctionMapping  : 0 RouterFunction(s) in 'routerFunctionMapping'
2023-11-17T12:29:30.081-05:00 TRACE 10404 --- [main] o.s.w.s.handler.SimpleUrlHandlerMapping  : Mapped [/webjars/**] onto ResourceHttpRequestHandler [classpath [META-INF/resources/webjars/]]
2023-11-17T12:29:30.082-05:00 TRACE 10404 --- [main] o.s.w.s.handler.SimpleUrlHandlerMapping  : Mapped [/**] onto ResourceHttpRequestHandler [classpath [META-INF/resources/], classpath [resources/], classpath [static/], classpath [public/], ServletContext [/]]
2023-11-17T12:29:30.082-05:00 TRACE 10404 --- [main] o.s.w.s.handler.SimpleUrlHandlerMapping  : Mapped [/swagger-ui*/*swagger-initializer.js] onto ResourceHttpRequestHandler [classpath [META-INF/resources/webjars/]]
2023-11-17T12:29:30.082-05:00 TRACE 10404 --- [main] o.s.w.s.handler.SimpleUrlHandlerMapping  : Mapped [/swagger-ui*/**] onto ResourceHttpRequestHandler [classpath [META-INF/resources/webjars/]]
2023-11-17T12:29:30.083-05:00 DEBUG 10404 --- [main] o.s.w.s.handler.SimpleUrlHandlerMapping  : Patterns [/webjars/**, /**, /swagger-ui*/*swagger-initializer.js, /swagger-ui*/**] in 'resourceHandlerMapping'
2023-11-17T12:29:30.091-05:00 DEBUG 10404 --- [main] .m.m.a.ExceptionHandlerExceptionResolver : ControllerAdvice beans: 1 @ExceptionHandler, 1 ResponseBodyAdvice
2023-11-17T12:29:30.282-05:00  INFO 10404 --- [main] o.s.b.t.m.w.SpringBootMockServletContext : Initializing Spring TestDispatcherServlet ''
2023-11-17T12:29:30.283-05:00  INFO 10404 --- [main] o.s.t.web.servlet.TestDispatcherServlet  : Initializing Servlet ''
2023-11-17T12:29:30.284-05:00  INFO 10404 --- [main] o.s.t.web.servlet.TestDispatcherServlet  : Completed initialization in 1 ms
2023-11-17T12:29:30.292-05:00 TRACE 10404 --- [main] o.s.w.c.s.GenericWebApplicationContext   : Using LifecycleProcessor [org.springframework.context.support.DefaultLifecycleProcessor@5fd0235c]
2023-11-17T12:29:30.303-05:00  INFO 10404 --- [main] .j.u.r.UserManagementRestControllerTests : Started UserManagementRestControllerTests in 3.841 seconds (process running for 4.589)
2023-11-17T12:29:30.767-05:00 TRACE 10404 --- [main] s.w.s.m.m.a.RequestMappingHandlerMapping : Mapped to com.jhoncontreras.usermanagement.controller.UserManagementRestController#getUsers()
2023-11-17T12:29:30.776-05:00 TRACE 10404 --- [main] o.s.web.method.HandlerMethod             : Arguments: []
2023-11-17T12:29:30.785-05:00 DEBUG 10404 --- [main] o.s.jdbc.datasource.DataSourceUtils      : Setting JDBC Connection [HikariProxyConnection@1861889542 wrapping conn0: url=jdbc:h2:mem:5d08d0b2-ec59-48d4-b603-b7ffe3e48304 user=SA] read-only
2023-11-17T12:29:30.901-05:00 DEBUG 10404 --- [main] o.s.jdbc.datasource.DataSourceUtils      : Resetting read-only flag of JDBC Connection [HikariProxyConnection@1861889542 wrapping conn0: url=jdbc:h2:mem:5d08d0b2-ec59-48d4-b603-b7ffe3e48304 user=SA]
2023-11-17T12:29:30.937-05:00 DEBUG 10404 --- [main] o.s.w.s.m.m.a.HttpEntityMethodProcessor  : Using 'application/json', given [*/*] and supported [application/json, application/*+json]
2023-11-17T12:29:30.939-05:00 TRACE 10404 --- [main] o.s.w.s.m.m.a.HttpEntityMethodProcessor  : Writing [com.jhoncontreras.usermanagement.controller.dto.BaseResponseDto@50c8a382]
2023-11-17T12:29:30.964-05:00 TRACE 10404 --- [main] s.w.s.m.m.a.RequestMappingHandlerAdapter : Applying default cacheSeconds=-1
2023-11-17T12:29:31.019-05:00 TRACE 10404 --- [main] s.w.s.m.m.a.RequestMappingHandlerMapping : Mapped to com.jhoncontreras.usermanagement.controller.UserManagementRestController#updateUser(UUID, User)
2023-11-17T12:29:31.049-05:00 TRACE 10404 --- [main] m.m.a.RequestResponseBodyMethodProcessor : Read "application/json;charset=UTF-8" to [User [id=123e4567-e89b-12d3-a456-426614174001, name=John Doe Modified, email=john.doe@example.com, phones=[Phone [id=null, number=12345566770, cityCode=COUpdated, countryCode=COUpdated, createdAt=null, updatedAt=null]], createdAt=null, updatedAt=null, lastLogin=null, isActive=false]]
2023-11-17T12:29:31.051-05:00 TRACE 10404 --- [main] o.s.web.method.HandlerMethod             : Arguments: [123e4567-e89b-12d3-a456-426614174001, User [id=123e4567-e89b-12d3-a456-426614174001, name=John Doe Modified, email=john.doe@example.com, phones=[Phone [id=null, number=12345566770, cityCode=COUpdated, countryCode=COUpdated, createdAt=null, updatedAt=null]], createdAt=null, updatedAt=null, lastLogin=null, isActive=false]]
2023-11-17T12:29:31.175-05:00 DEBUG 10404 --- [main] o.s.w.s.m.m.a.HttpEntityMethodProcessor  : Using 'application/json', given [*/*] and supported [application/json, application/*+json]
2023-11-17T12:29:31.175-05:00 TRACE 10404 --- [main] o.s.w.s.m.m.a.HttpEntityMethodProcessor  : Writing [com.jhoncontreras.usermanagement.controller.dto.BaseResponseDto@78fd9a11]
2023-11-17T12:29:31.176-05:00 TRACE 10404 --- [main] s.w.s.m.m.a.RequestMappingHandlerAdapter : Applying default cacheSeconds=-1
2023-11-17T12:29:31.186-05:00 TRACE 10404 --- [main] s.w.s.m.m.a.RequestMappingHandlerMapping : Mapped to com.jhoncontreras.usermanagement.controller.UserManagementRestController#createUser(User)
2023-11-17T12:29:31.187-05:00 TRACE 10404 --- [main] m.m.a.RequestResponseBodyMethodProcessor : Read "application/json;charset=UTF-8" to [User [id=null, name=John Doe, email=john.doe@example.com, phones=[Phone [id=null, number=1234556677, cityCode=CO, countryCode=CO, createdAt=null, updatedAt=null]], createdAt=null, updatedAt=null, lastLogin=null, isActive=false]]
2023-11-17T12:29:31.188-05:00 TRACE 10404 --- [main] o.s.web.method.HandlerMethod             : Arguments: [User [id=null, name=John Doe, email=john.doe@example.com, phones=[Phone [id=null, number=1234556677, cityCode=CO, countryCode=CO, createdAt=null, updatedAt=null]], createdAt=null, updatedAt=null, lastLogin=null, isActive=false]]
2023-11-17T12:29:31.206-05:00 DEBUG 10404 --- [main] o.s.w.s.m.m.a.HttpEntityMethodProcessor  : Using 'application/json', given [*/*] and supported [application/json, application/*+json]
2023-11-17T12:29:31.206-05:00 TRACE 10404 --- [main] o.s.w.s.m.m.a.HttpEntityMethodProcessor  : Writing [com.jhoncontreras.usermanagement.controller.dto.BaseResponseDto@2ce5ea69]
2023-11-17T12:29:31.207-05:00 TRACE 10404 --- [main] s.w.s.m.m.a.RequestMappingHandlerAdapter : Applying default cacheSeconds=-1
2023-11-17T12:29:31.213-05:00 TRACE 10404 --- [main] s.w.s.m.m.a.RequestMappingHandlerMapping : Mapped to com.jhoncontreras.usermanagement.controller.UserManagementRestController#createUser(User)
2023-11-17T12:29:31.214-05:00 TRACE 10404 --- [main] m.m.a.RequestResponseBodyMethodProcessor : Read "application/json;charset=UTF-8" to [User [id=null, name=John Doe, email=john.doe@example.com, phones=[Phone [id=null, number=1234556677, cityCode=CO, countryCode=CO, createdAt=null, updatedAt=null]], createdAt=null, updatedAt=null, lastLogin=null, isActive=false]]
2023-11-17T12:29:31.215-05:00 TRACE 10404 --- [main] o.s.web.method.HandlerMethod             : Arguments: [User [id=null, name=John Doe, email=john.doe@example.com, phones=[Phone [id=null, number=1234556677, cityCode=CO, countryCode=CO, createdAt=null, updatedAt=null]], createdAt=null, updatedAt=null, lastLogin=null, isActive=false]]
2023-11-17T12:29:31.219-05:00 DEBUG 10404 --- [main] o.s.w.s.m.m.a.HttpEntityMethodProcessor  : Using 'application/json', given [*/*] and supported [application/json, application/*+json]
2023-11-17T12:29:31.220-05:00 TRACE 10404 --- [main] o.s.w.s.m.m.a.HttpEntityMethodProcessor  : Writing [com.jhoncontreras.usermanagement.controller.dto.BaseResponseDto@304d6881]
2023-11-17T12:29:31.220-05:00 TRACE 10404 --- [main] s.w.s.m.m.a.RequestMappingHandlerAdapter : Applying default cacheSeconds=-1
2023-11-17T12:29:31.231-05:00 TRACE 10404 --- [main] s.w.s.m.m.a.RequestMappingHandlerMapping : Mapped to com.jhoncontreras.usermanagement.controller.UserManagementRestController#createUser(User)
2023-11-17T12:29:31.232-05:00 TRACE 10404 --- [main] m.m.a.RequestResponseBodyMethodProcessor : Read "application/json;charset=UTF-8" to [User [id=null, name=Jhon Contreras, email=jhon@contreras.com, phones=[Phone [id=null, number=1234556677, cityCode=CO, countryCode=CO, createdAt=null, updatedAt=null]], createdAt=null, updatedAt=null, lastLogin=null, isActive=false]]
2023-11-17T12:29:31.232-05:00 TRACE 10404 --- [main] o.s.web.method.HandlerMethod             : Arguments: [User [id=null, name=Jhon Contreras, email=jhon@contreras.com, phones=[Phone [id=null, number=1234556677, cityCode=CO, countryCode=CO, createdAt=null, updatedAt=null]], createdAt=null, updatedAt=null, lastLogin=null, isActive=false]]
2023-11-17T12:29:31.246-05:00 DEBUG 10404 --- [main] o.s.w.s.m.m.a.HttpEntityMethodProcessor  : Using 'application/json', given [*/*] and supported [application/json, application/*+json]
2023-11-17T12:29:31.246-05:00 TRACE 10404 --- [main] o.s.w.s.m.m.a.HttpEntityMethodProcessor  : Writing [com.jhoncontreras.usermanagement.controller.dto.BaseResponseDto@2dca3c72]
2023-11-17T12:29:31.246-05:00 TRACE 10404 --- [main] s.w.s.m.m.a.RequestMappingHandlerAdapter : Applying default cacheSeconds=-1
2023-11-17T12:29:31.255-05:00 TRACE 10404 --- [main] s.w.s.m.m.a.RequestMappingHandlerMapping : Mapped to com.jhoncontreras.usermanagement.controller.UserManagementRestController#updateUser(UUID, User)
2023-11-17T12:29:31.256-05:00 TRACE 10404 --- [main] m.m.a.RequestResponseBodyMethodProcessor : Read "application/json;charset=UTF-8" to [User [id=123e4567-e89b-12d3-a456-426614174001, name=John Doe Modified, email=alice.smith@example.com, phones=[Phone [id=null, number=1234556677Updated, cityCode=COUpdated, countryCode=COUpdated, createdAt=null, updatedAt=null]], createdAt=null, updatedAt=null, lastLogin=null, isActive=false]]
2023-11-17T12:29:31.256-05:00 TRACE 10404 --- [main] o.s.web.method.HandlerMethod             : Arguments: [123e4567-e89b-12d3-a456-426614174001, User [id=123e4567-e89b-12d3-a456-426614174001, name=John Doe Modified, email=alice.smith@example.com, phones=[Phone [id=null, number=1234556677Updated, cityCode=COUpdated, countryCode=COUpdated, createdAt=null, updatedAt=null]], createdAt=null, updatedAt=null, lastLogin=null, isActive=false]]
2023-11-17T12:29:31.261-05:00 DEBUG 10404 --- [main] o.s.w.s.m.m.a.HttpEntityMethodProcessor  : Using 'application/json', given [*/*] and supported [application/json, application/*+json]
2023-11-17T12:29:31.261-05:00 TRACE 10404 --- [main] o.s.w.s.m.m.a.HttpEntityMethodProcessor  : Writing [com.jhoncontreras.usermanagement.controller.dto.BaseResponseDto@68a0a4ae]
2023-11-17T12:29:31.261-05:00 TRACE 10404 --- [main] s.w.s.m.m.a.RequestMappingHandlerAdapter : Applying default cacheSeconds=-1
2023-11-17T12:29:31.268-05:00 TRACE 10404 --- [main] s.w.s.m.m.a.RequestMappingHandlerMapping : Mapped to com.jhoncontreras.usermanagement.controller.UserManagementRestController#createUser(User)
2023-11-17T12:29:31.272-05:00  WARN 10404 --- [main] .w.s.m.s.DefaultHandlerExceptionResolver : Resolved [org.springframework.http.converter.HttpMessageNotReadableException: Required request body is missing: public org.springframework.http.ResponseEntity<com.jhoncontreras.usermanagement.controller.dto.BaseResponseDto<com.jhoncontreras.usermanagement.controller.dto.UserJwtTokenDto>> com.jhoncontreras.usermanagement.controller.UserManagementRestController.createUser(com.jhoncontreras.usermanagement.model.User)]
2023-11-17T12:29:31.281-05:00 TRACE 10404 --- [main] s.w.s.m.m.a.RequestMappingHandlerMapping : Mapped to com.jhoncontreras.usermanagement.controller.UserManagementRestController#updateUser(UUID, User)
2023-11-17T12:29:31.282-05:00 TRACE 10404 --- [main] m.m.a.RequestResponseBodyMethodProcessor : Read "application/json;charset=UTF-8" to [User [id=123e4567-e89b-12d3-a456-426614174001, name=John Doe Modified, email=alice.smith@example.com, phones=[Phone [id=null, number=1234556677Updated, cityCode=COUpdated, countryCode=COUpdated, createdAt=null, updatedAt=null]], createdAt=null, updatedAt=null, lastLogin=null, isActive=false]]
2023-11-17T12:29:31.282-05:00 TRACE 10404 --- [main] o.s.web.method.HandlerMethod             : Arguments: [123e4567-e89b-12d3-a456-426614174001, User [id=123e4567-e89b-12d3-a456-426614174001, name=John Doe Modified, email=alice.smith@example.com, phones=[Phone [id=null, number=1234556677Updated, cityCode=COUpdated, countryCode=COUpdated, createdAt=null, updatedAt=null]], createdAt=null, updatedAt=null, lastLogin=null, isActive=false]]
2023-11-17T12:29:31.288-05:00 DEBUG 10404 --- [main] o.s.w.s.m.m.a.HttpEntityMethodProcessor  : Using 'application/json', given [*/*] and supported [application/json, application/*+json]
2023-11-17T12:29:31.288-05:00 TRACE 10404 --- [main] o.s.w.s.m.m.a.HttpEntityMethodProcessor  : Writing [com.jhoncontreras.usermanagement.controller.dto.BaseResponseDto@7a65e842]
2023-11-17T12:29:31.289-05:00 TRACE 10404 --- [main] s.w.s.m.m.a.RequestMappingHandlerAdapter : Applying default cacheSeconds=-1
2023-11-17T12:29:31.347-05:00 DEBUG 10404 --- [SpringApplicationShutdownHook] o.s.w.c.s.GenericWebApplicationContext   : Closing org.springframework.web.context.support.GenericWebApplicationContext@467f77a5, started on Fri Nov 17 12:29:26 COT 2023
2023-11-17T12:29:31.350-05:00  INFO 10404 --- [SpringApplicationShutdownHook] j.LocalContainerEntityManagerFactoryBean : Closing JPA EntityManagerFactory for persistence unit 'default'
2023-11-17T12:29:31.353-05:00  INFO 10404 --- [SpringApplicationShutdownHook] com.zaxxer.hikari.HikariDataSource       : HikariPool-1 - Shutdown initiated...
2023-11-17T12:29:31.355-05:00  INFO 10404 --- [SpringApplicationShutdownHook] com.zaxxer.hikari.HikariDataSource       : HikariPool-1 - Shutdown completed.
2023-11-17T15:10:06.127-05:00  INFO 9844 --- [main] .j.u.r.UserManagementRestControllerTests : Starting UserManagementRestControllerTests using Java 17.0.9 with PID 9844 (started by usuario in D:\Proyectos\usermanagement)
2023-11-17T15:10:06.129-05:00  INFO 9844 --- [main] .j.u.r.UserManagementRestControllerTests : No active profile set, falling back to 1 default profile: "default"
2023-11-17T15:10:06.160-05:00 TRACE 9844 --- [main] o.s.w.c.s.GenericWebApplicationContext   : Refreshing org.springframework.web.context.support.GenericWebApplicationContext@467f77a5, started on Fri Nov 17 15:10:06 COT 2023
2023-11-17T15:10:07.296-05:00  INFO 9844 --- [main] .s.d.r.c.RepositoryConfigurationDelegate : Bootstrapping Spring Data JPA repositories in DEFAULT mode.
2023-11-17T15:10:07.395-05:00  INFO 9844 --- [main] .s.d.r.c.RepositoryConfigurationDelegate : Finished Spring Data repository scanning in 86 ms. Found 3 JPA repository interfaces.
2023-11-17T15:10:07.862-05:00 TRACE 9844 --- [main] o.s.w.c.s.GenericWebApplicationContext   : No 'messageSource' bean, using [Empty MessageSource]
2023-11-17T15:10:07.863-05:00 TRACE 9844 --- [main] o.s.w.c.s.GenericWebApplicationContext   : No 'applicationEventMulticaster' bean, using [SimpleApplicationEventMulticaster]
2023-11-17T15:10:08.033-05:00 DEBUG 9844 --- [main] o.s.jdbc.datasource.DataSourceUtils      : Fetching JDBC Connection from DataSource
2023-11-17T15:10:08.034-05:00  INFO 9844 --- [main] com.zaxxer.hikari.HikariDataSource       : HikariPool-1 - Starting...
2023-11-17T15:10:08.325-05:00  INFO 9844 --- [main] com.zaxxer.hikari.pool.HikariPool        : HikariPool-1 - Added connection conn0: url=jdbc:h2:mem:8a023677-51bc-408d-a0cc-8589b86e363a user=SA
2023-11-17T15:10:08.328-05:00  INFO 9844 --- [main] com.zaxxer.hikari.HikariDataSource       : HikariPool-1 - Start completed.
2023-11-17T15:10:08.358-05:00 DEBUG 9844 --- [main] o.s.jdbc.datasource.DataSourceUtils      : Fetching JDBC Connection from DataSource
2023-11-17T15:10:08.360-05:00 DEBUG 9844 --- [main] o.s.jdbc.datasource.init.ScriptUtils     : Executing SQL script from file [D:\Proyectos\usermanagement\target\classes\schema.sql]
2023-11-17T15:10:08.388-05:00 DEBUG 9844 --- [main] o.s.jdbc.datasource.init.ScriptUtils     : 0 returned as update count for SQL: CREATE TABLE USERM ( id uuid DEFAULT random_uuid() PRIMARY KEY, uname VARCHAR(255) NOT NULL, email VARCHAR(255) NOT NULL, passw VARCHAR(500) NOT NULL, created_at timestamp not null default current_timestamp, updated_at timestamp null default current_timestamp, last_login timestamp null default current_timestamp, is_active boolean not null default true )
2023-11-17T15:10:08.410-05:00 DEBUG 9844 --- [main] o.s.jdbc.datasource.init.ScriptUtils     : 0 returned as update count for SQL: CREATE TABLE PHONE ( id uuid DEFAULT random_uuid() PRIMARY KEY, pnumber VARCHAR(255), city_code VARCHAR(255), country_code VARCHAR(255), user_id UUID NULL, created_at timestamp not null default current_timestamp, updated_at timestamp null default current_timestamp, CONSTRAINT FK_USER_ID FOREIGN KEY (user_id) REFERENCES USERM(id) )
2023-11-17T15:10:08.412-05:00 DEBUG 9844 --- [main] o.s.jdbc.datasource.init.ScriptUtils     : 0 returned as update count for SQL: CREATE TABLE CONFIGURATIONAPP ( id uuid DEFAULT random_uuid() PRIMARY KEY, name_parameter VARCHAR(255), value_parameter VARCHAR(255) )
2023-11-17T15:10:08.415-05:00 DEBUG 9844 --- [main] o.s.jdbc.datasource.init.ScriptUtils     : Executed SQL script from file [D:\Proyectos\usermanagement\target\classes\schema.sql] in 51 ms.
2023-11-17T15:10:08.416-05:00 DEBUG 9844 --- [main] o.s.jdbc.datasource.DataSourceUtils      : Fetching JDBC Connection from DataSource
2023-11-17T15:10:08.416-05:00 DEBUG 9844 --- [main] o.s.jdbc.datasource.DataSourceUtils      : Fetching JDBC Connection from DataSource
2023-11-17T15:10:08.417-05:00 DEBUG 9844 --- [main] o.s.jdbc.datasource.init.ScriptUtils     : Executing SQL script from file [D:\Proyectos\usermanagement\target\classes\data.sql]
2023-11-17T15:10:08.435-05:00 DEBUG 9844 --- [main] o.s.jdbc.datasource.init.ScriptUtils     : 3 returned as update count for SQL: INSERT INTO USERM (id,uname, email, passw) VALUES ('123e4567-e89b-12d3-a456-426614174001','John Doe', 'john.doe@example.com', 'password123'), ('123e4567-e89b-12d3-a456-426614174002','Alice Smith', 'alice.smith@example.com', 'securepass'), ('123e4567-e89b-12d3-a456-426614174003','Bob Johnson', 'bob.johnson@example.com', 'mysecretpassword')
2023-11-17T15:10:08.442-05:00 DEBUG 9844 --- [main] o.s.jdbc.datasource.init.ScriptUtils     : 6 returned as update count for SQL: INSERT INTO PHONE (pnumber, city_code, country_code, user_id) VALUES ('123-456-7890', 123.45, 1, '123e4567-e89b-12d3-a456-426614174001'), ('987-654-3210', 987.65, 2, '123e4567-e89b-12d3-a456-426614174002'), ('555-123-4567', 555.55, 3, '123e4567-e89b-12d3-a456-426614174003'), ('555-987-6543', 555.98, 1, '123e4567-e89b-12d3-a456-426614174001'), ('222-333-4444', 222.33, 2, '123e4567-e89b-12d3-a456-426614174002'), ('777-888-9999', 777.88, 3, '123e4567-e89b-12d3-a456-426614174003')
2023-11-17T15:10:08.444-05:00 DEBUG 9844 --- [main] o.s.jdbc.datasource.init.ScriptUtils     : 1 returned as update count for SQL: INSERT INTO CONFIGURATIONAPP (name_parameter, value_parameter) VALUES ('REGEX_PASSWORD', '^(?=.*[A-Z])(?=.*[!@#$%^&*()-+_?])(?=.*\d).{12,}$')
2023-11-17T15:10:08.444-05:00 DEBUG 9844 --- [main] o.s.jdbc.datasource.init.ScriptUtils     : Executed SQL script from file [D:\Proyectos\usermanagement\target\classes\data.sql] in 27 ms.
2023-11-17T15:10:08.574-05:00  INFO 9844 --- [main] o.hibernate.jpa.internal.util.LogHelper  : HHH000204: Processing PersistenceUnitInfo [name: default]
2023-11-17T15:10:08.692-05:00  INFO 9844 --- [main] org.hibernate.Version                    : HHH000412: Hibernate ORM core version 6.2.13.Final
2023-11-17T15:10:08.696-05:00  INFO 9844 --- [main] org.hibernate.cfg.Environment            : HHH000406: Using bytecode reflection optimizer
2023-11-17T15:10:09.155-05:00  INFO 9844 --- [main] o.s.o.j.p.SpringPersistenceUnitInfo      : No LoadTimeWeaver setup: ignoring JPA class transformer
2023-11-17T15:10:10.210-05:00  INFO 9844 --- [main] o.h.e.t.j.p.i.JtaPlatformInitiator       : HHH000489: No JTA platform available (set 'hibernate.transaction.jta.platform' to enable JTA platform integration)
2023-11-17T15:10:10.256-05:00  INFO 9844 --- [main] j.LocalContainerEntityManagerFactoryBean : Initialized JPA EntityManagerFactory for persistence unit 'default'
2023-11-17T15:10:10.589-05:00  INFO 9844 --- [main] o.s.d.j.r.query.QueryEnhancerFactory     : Hibernate is in classpath; If applicable, HQL parser will be used.
2023-11-17T15:10:11.505-05:00  WARN 9844 --- [main] JpaBaseConfiguration$JpaWebConfiguration : spring.jpa.open-in-view is enabled by default. Therefore, database queries may be performed during view rendering. Explicitly configure spring.jpa.open-in-view to disable this warning
2023-11-17T15:10:11.704-05:00 DEBUG 9844 --- [main] s.w.s.m.m.a.RequestMappingHandlerAdapter : ControllerAdvice beans: 0 @ModelAttribute, 0 @InitBinder, 1 RequestBodyAdvice, 1 ResponseBodyAdvice
2023-11-17T15:10:11.816-05:00 TRACE 9844 --- [main] s.w.s.m.m.a.RequestMappingHandlerMapping : 
	c.j.u.c.UserManagementRestController:
	{GET [/api/v1/user]}: getUsers()
	{GET [/api/v1/user/{id}]}: getUserById(UUID)
	{POST [/api/v1/user]}: createUser(User)
	{PUT [/api/v1/user/{id}]}: updateUser(UUID,User)
2023-11-17T15:10:11.823-05:00 TRACE 9844 --- [main] s.w.s.m.m.a.RequestMappingHandlerMapping : 
	o.s.b.a.w.s.e.BasicErrorController:
	{ [/error]}: error(HttpServletRequest)
	{ [/error], produces [text/html]}: errorHtml(HttpServletRequest,HttpServletResponse)
2023-11-17T15:10:11.836-05:00 TRACE 9844 --- [main] s.w.s.m.m.a.RequestMappingHandlerMapping : 
	o.s.w.a.OpenApiWebMvcResource:
	{GET [/api-docs.yaml], produces [application/vnd.oai.openapi]}: openapiYaml(HttpServletRequest,String,Locale)
	{GET [/api-docs], produces [application/json]}: openapiJson(HttpServletRequest,String,Locale)
2023-11-17T15:10:11.838-05:00 TRACE 9844 --- [main] s.w.s.m.m.a.RequestMappingHandlerMapping : 
	o.s.w.u.SwaggerWelcomeWebMvc:
	{GET [/swagger-ui.html]}: redirectToUi(HttpServletRequest)
2023-11-17T15:10:11.839-05:00 TRACE 9844 --- [main] s.w.s.m.m.a.RequestMappingHandlerMapping : 
	o.s.w.u.SwaggerConfigResource:
	{GET [/api-docs/swagger-config], produces [application/json]}: openapiJson(HttpServletRequest)
2023-11-17T15:10:11.843-05:00 DEBUG 9844 --- [main] s.w.s.m.m.a.RequestMappingHandlerMapping : 10 mappings in 'requestMappingHandlerMapping'
2023-11-17T15:10:11.852-05:00 DEBUG 9844 --- [main] o.s.w.s.h.BeanNameUrlHandlerMapping      : Detected 0 mappings in 'beanNameHandlerMapping'
2023-11-17T15:10:11.859-05:00 TRACE 9844 --- [main] o.s.w.s.f.support.RouterFunctionMapping  : 0 RouterFunction(s) in 'routerFunctionMapping'
2023-11-17T15:10:11.876-05:00 TRACE 9844 --- [main] o.s.w.s.handler.SimpleUrlHandlerMapping  : Mapped [/webjars/**] onto ResourceHttpRequestHandler [classpath [META-INF/resources/webjars/]]
2023-11-17T15:10:11.877-05:00 TRACE 9844 --- [main] o.s.w.s.handler.SimpleUrlHandlerMapping  : Mapped [/**] onto ResourceHttpRequestHandler [classpath [META-INF/resources/], classpath [resources/], classpath [static/], classpath [public/], ServletContext [/]]
2023-11-17T15:10:11.878-05:00 TRACE 9844 --- [main] o.s.w.s.handler.SimpleUrlHandlerMapping  : Mapped [/swagger-ui*/*swagger-initializer.js] onto ResourceHttpRequestHandler [classpath [META-INF/resources/webjars/]]
2023-11-17T15:10:11.878-05:00 TRACE 9844 --- [main] o.s.w.s.handler.SimpleUrlHandlerMapping  : Mapped [/swagger-ui*/**] onto ResourceHttpRequestHandler [classpath [META-INF/resources/webjars/]]
2023-11-17T15:10:11.879-05:00 DEBUG 9844 --- [main] o.s.w.s.handler.SimpleUrlHandlerMapping  : Patterns [/webjars/**, /**, /swagger-ui*/*swagger-initializer.js, /swagger-ui*/**] in 'resourceHandlerMapping'
2023-11-17T15:10:11.890-05:00 DEBUG 9844 --- [main] .m.m.a.ExceptionHandlerExceptionResolver : ControllerAdvice beans: 1 @ExceptionHandler, 1 ResponseBodyAdvice
2023-11-17T15:10:12.210-05:00  INFO 9844 --- [main] o.s.b.t.m.w.SpringBootMockServletContext : Initializing Spring TestDispatcherServlet ''
2023-11-17T15:10:12.211-05:00  INFO 9844 --- [main] o.s.t.web.servlet.TestDispatcherServlet  : Initializing Servlet ''
2023-11-17T15:10:12.213-05:00  INFO 9844 --- [main] o.s.t.web.servlet.TestDispatcherServlet  : Completed initialization in 2 ms
2023-11-17T15:10:12.229-05:00 TRACE 9844 --- [main] o.s.w.c.s.GenericWebApplicationContext   : Using LifecycleProcessor [org.springframework.context.support.DefaultLifecycleProcessor@3868c92e]
2023-11-17T15:10:12.249-05:00  INFO 9844 --- [main] .j.u.r.UserManagementRestControllerTests : Started UserManagementRestControllerTests in 6.5 seconds (process running for 7.754)
2023-11-17T15:10:13.036-05:00 TRACE 9844 --- [main] s.w.s.m.m.a.RequestMappingHandlerMapping : Mapped to com.jhoncontreras.usermanagement.controller.UserManagementRestController#getUsers()
2023-11-17T15:10:13.051-05:00 TRACE 9844 --- [main] o.s.web.method.HandlerMethod             : Arguments: []
2023-11-17T15:10:13.063-05:00 DEBUG 9844 --- [main] o.s.jdbc.datasource.DataSourceUtils      : Setting JDBC Connection [HikariProxyConnection@339758050 wrapping conn0: url=jdbc:h2:mem:8a023677-51bc-408d-a0cc-8589b86e363a user=SA] read-only
2023-11-17T15:10:13.246-05:00 DEBUG 9844 --- [main] o.s.jdbc.datasource.DataSourceUtils      : Resetting read-only flag of JDBC Connection [HikariProxyConnection@339758050 wrapping conn0: url=jdbc:h2:mem:8a023677-51bc-408d-a0cc-8589b86e363a user=SA]
2023-11-17T15:10:13.300-05:00 DEBUG 9844 --- [main] o.s.w.s.m.m.a.HttpEntityMethodProcessor  : Using 'application/json', given [*/*] and supported [application/json, application/*+json]
2023-11-17T15:10:13.302-05:00 TRACE 9844 --- [main] o.s.w.s.m.m.a.HttpEntityMethodProcessor  : Writing [com.jhoncontreras.usermanagement.controller.dto.BaseResponseDto@79753f20]
2023-11-17T15:10:13.331-05:00 TRACE 9844 --- [main] s.w.s.m.m.a.RequestMappingHandlerAdapter : Applying default cacheSeconds=-1
2023-11-17T15:10:13.413-05:00 TRACE 9844 --- [main] s.w.s.m.m.a.RequestMappingHandlerMapping : Mapped to com.jhoncontreras.usermanagement.controller.UserManagementRestController#updateUser(UUID, User)
2023-11-17T15:10:13.464-05:00 TRACE 9844 --- [main] m.m.a.RequestResponseBodyMethodProcessor : Read "application/json;charset=UTF-8" to [User [id=123e4567-e89b-12d3-a456-426614174001, name=John Doe Modified, email=john.doe@example.com, phones=[Phone [id=null, number=12345566770, cityCode=COUpdated, countryCode=COUpdated, createdAt=null, updatedAt=null]], createdAt=null, updatedAt=null, lastLogin=null, isActive=false]]
2023-11-17T15:10:13.467-05:00 TRACE 9844 --- [main] o.s.web.method.HandlerMethod             : Arguments: [123e4567-e89b-12d3-a456-426614174001, User [id=123e4567-e89b-12d3-a456-426614174001, name=John Doe Modified, email=john.doe@example.com, phones=[Phone [id=null, number=12345566770, cityCode=COUpdated, countryCode=COUpdated, createdAt=null, updatedAt=null]], createdAt=null, updatedAt=null, lastLogin=null, isActive=false]]
2023-11-17T15:10:13.642-05:00 DEBUG 9844 --- [main] o.s.w.s.m.m.a.HttpEntityMethodProcessor  : Using 'application/json', given [*/*] and supported [application/json, application/*+json]
2023-11-17T15:10:13.643-05:00 TRACE 9844 --- [main] o.s.w.s.m.m.a.HttpEntityMethodProcessor  : Writing [com.jhoncontreras.usermanagement.controller.dto.BaseResponseDto@632d8166]
2023-11-17T15:10:13.645-05:00 TRACE 9844 --- [main] s.w.s.m.m.a.RequestMappingHandlerAdapter : Applying default cacheSeconds=-1
2023-11-17T15:10:13.659-05:00 TRACE 9844 --- [main] s.w.s.m.m.a.RequestMappingHandlerMapping : Mapped to com.jhoncontreras.usermanagement.controller.UserManagementRestController#createUser(User)
2023-11-17T15:10:13.662-05:00 TRACE 9844 --- [main] m.m.a.RequestResponseBodyMethodProcessor : Read "application/json;charset=UTF-8" to [User [id=null, name=John Doe, email=john.doe@example.com, phones=[Phone [id=null, number=1234556677, cityCode=CO, countryCode=CO, createdAt=null, updatedAt=null]], createdAt=null, updatedAt=null, lastLogin=null, isActive=false]]
2023-11-17T15:10:13.663-05:00 TRACE 9844 --- [main] o.s.web.method.HandlerMethod             : Arguments: [User [id=null, name=John Doe, email=john.doe@example.com, phones=[Phone [id=null, number=1234556677, cityCode=CO, countryCode=CO, createdAt=null, updatedAt=null]], createdAt=null, updatedAt=null, lastLogin=null, isActive=false]]
2023-11-17T15:10:13.673-05:00 DEBUG 9844 --- [main] o.s.w.s.m.m.a.HttpEntityMethodProcessor  : Using 'application/json', given [*/*] and supported [application/json, application/*+json]
2023-11-17T15:10:13.674-05:00 TRACE 9844 --- [main] o.s.w.s.m.m.a.HttpEntityMethodProcessor  : Writing [com.jhoncontreras.usermanagement.controller.dto.BaseResponseDto@1377e395]
2023-11-17T15:10:13.674-05:00 TRACE 9844 --- [main] s.w.s.m.m.a.RequestMappingHandlerAdapter : Applying default cacheSeconds=-1
2023-11-17T15:10:13.688-05:00 TRACE 9844 --- [main] s.w.s.m.m.a.RequestMappingHandlerMapping : Mapped to com.jhoncontreras.usermanagement.controller.UserManagementRestController#createUser(User)
2023-11-17T15:10:13.690-05:00 TRACE 9844 --- [main] m.m.a.RequestResponseBodyMethodProcessor : Read "application/json;charset=UTF-8" to [User [id=null, name=John Doe, email=john.doe@example.com, phones=[Phone [id=null, number=1234556677, cityCode=CO, countryCode=CO, createdAt=null, updatedAt=null]], createdAt=null, updatedAt=null, lastLogin=null, isActive=false]]
2023-11-17T15:10:13.690-05:00 TRACE 9844 --- [main] o.s.web.method.HandlerMethod             : Arguments: [User [id=null, name=John Doe, email=john.doe@example.com, phones=[Phone [id=null, number=1234556677, cityCode=CO, countryCode=CO, createdAt=null, updatedAt=null]], createdAt=null, updatedAt=null, lastLogin=null, isActive=false]]
2023-11-17T15:10:13.699-05:00 DEBUG 9844 --- [main] o.s.w.s.m.m.a.HttpEntityMethodProcessor  : Using 'application/json', given [*/*] and supported [application/json, application/*+json]
2023-11-17T15:10:13.699-05:00 TRACE 9844 --- [main] o.s.w.s.m.m.a.HttpEntityMethodProcessor  : Writing [com.jhoncontreras.usermanagement.controller.dto.BaseResponseDto@3c79071e]
2023-11-17T15:10:13.700-05:00 TRACE 9844 --- [main] s.w.s.m.m.a.RequestMappingHandlerAdapter : Applying default cacheSeconds=-1
2023-11-17T15:10:13.713-05:00 TRACE 9844 --- [main] s.w.s.m.m.a.RequestMappingHandlerMapping : Mapped to com.jhoncontreras.usermanagement.controller.UserManagementRestController#createUser(User)
2023-11-17T15:10:13.714-05:00 TRACE 9844 --- [main] m.m.a.RequestResponseBodyMethodProcessor : Read "application/json;charset=UTF-8" to [User [id=null, name=Jhon Contreras, email=jhon@contreras.com, phones=[Phone [id=null, number=1234556677, cityCode=CO, countryCode=CO, createdAt=null, updatedAt=null]], createdAt=null, updatedAt=null, lastLogin=null, isActive=false]]
2023-11-17T15:10:13.715-05:00 TRACE 9844 --- [main] o.s.web.method.HandlerMethod             : Arguments: [User [id=null, name=Jhon Contreras, email=jhon@contreras.com, phones=[Phone [id=null, number=1234556677, cityCode=CO, countryCode=CO, createdAt=null, updatedAt=null]], createdAt=null, updatedAt=null, lastLogin=null, isActive=false]]
2023-11-17T15:10:13.737-05:00 DEBUG 9844 --- [main] o.s.w.s.m.m.a.HttpEntityMethodProcessor  : Using 'application/json', given [*/*] and supported [application/json, application/*+json]
2023-11-17T15:10:13.738-05:00 TRACE 9844 --- [main] o.s.w.s.m.m.a.HttpEntityMethodProcessor  : Writing [com.jhoncontreras.usermanagement.controller.dto.BaseResponseDto@65ff1e6d]
2023-11-17T15:10:13.738-05:00 TRACE 9844 --- [main] s.w.s.m.m.a.RequestMappingHandlerAdapter : Applying default cacheSeconds=-1
2023-11-17T15:10:13.753-05:00 TRACE 9844 --- [main] s.w.s.m.m.a.RequestMappingHandlerMapping : Mapped to com.jhoncontreras.usermanagement.controller.UserManagementRestController#updateUser(UUID, User)
2023-11-17T15:10:13.755-05:00 TRACE 9844 --- [main] m.m.a.RequestResponseBodyMethodProcessor : Read "application/json;charset=UTF-8" to [User [id=123e4567-e89b-12d3-a456-426614174001, name=John Doe Modified, email=alice.smith@example.com, phones=[Phone [id=null, number=1234556677Updated, cityCode=COUpdated, countryCode=COUpdated, createdAt=null, updatedAt=null]], createdAt=null, updatedAt=null, lastLogin=null, isActive=false]]
2023-11-17T15:10:13.755-05:00 TRACE 9844 --- [main] o.s.web.method.HandlerMethod             : Arguments: [123e4567-e89b-12d3-a456-426614174001, User [id=123e4567-e89b-12d3-a456-426614174001, name=John Doe Modified, email=alice.smith@example.com, phones=[Phone [id=null, number=1234556677Updated, cityCode=COUpdated, countryCode=COUpdated, createdAt=null, updatedAt=null]], createdAt=null, updatedAt=null, lastLogin=null, isActive=false]]
2023-11-17T15:10:13.762-05:00 DEBUG 9844 --- [main] o.s.w.s.m.m.a.HttpEntityMethodProcessor  : Using 'application/json', given [*/*] and supported [application/json, application/*+json]
2023-11-17T15:10:13.763-05:00 TRACE 9844 --- [main] o.s.w.s.m.m.a.HttpEntityMethodProcessor  : Writing [com.jhoncontreras.usermanagement.controller.dto.BaseResponseDto@7473cf13]
2023-11-17T15:10:13.764-05:00 TRACE 9844 --- [main] s.w.s.m.m.a.RequestMappingHandlerAdapter : Applying default cacheSeconds=-1
2023-11-17T15:10:13.775-05:00 TRACE 9844 --- [main] s.w.s.m.m.a.RequestMappingHandlerMapping : Mapped to com.jhoncontreras.usermanagement.controller.UserManagementRestController#createUser(User)
2023-11-17T15:10:13.780-05:00  WARN 9844 --- [main] .w.s.m.s.DefaultHandlerExceptionResolver : Resolved [org.springframework.http.converter.HttpMessageNotReadableException: Required request body is missing: public org.springframework.http.ResponseEntity<com.jhoncontreras.usermanagement.controller.dto.BaseResponseDto<com.jhoncontreras.usermanagement.controller.dto.UserJwtTokenDto>> com.jhoncontreras.usermanagement.controller.UserManagementRestController.createUser(com.jhoncontreras.usermanagement.model.User)]
2023-11-17T15:10:13.791-05:00 TRACE 9844 --- [main] s.w.s.m.m.a.RequestMappingHandlerMapping : Mapped to com.jhoncontreras.usermanagement.controller.UserManagementRestController#updateUser(UUID, User)
2023-11-17T15:10:13.793-05:00 TRACE 9844 --- [main] m.m.a.RequestResponseBodyMethodProcessor : Read "application/json;charset=UTF-8" to [User [id=123e4567-e89b-12d3-a456-426614174001, name=John Doe Modified, email=alice.smith@example.com, phones=[Phone [id=null, number=1234556677Updated, cityCode=COUpdated, countryCode=COUpdated, createdAt=null, updatedAt=null]], createdAt=null, updatedAt=null, lastLogin=null, isActive=false]]
2023-11-17T15:10:13.793-05:00 TRACE 9844 --- [main] o.s.web.method.HandlerMethod             : Arguments: [123e4567-e89b-12d3-a456-426614174001, User [id=123e4567-e89b-12d3-a456-426614174001, name=John Doe Modified, email=alice.smith@example.com, phones=[Phone [id=null, number=1234556677Updated, cityCode=COUpdated, countryCode=COUpdated, createdAt=null, updatedAt=null]], createdAt=null, updatedAt=null, lastLogin=null, isActive=false]]
2023-11-17T15:10:13.801-05:00 DEBUG 9844 --- [main] o.s.w.s.m.m.a.HttpEntityMethodProcessor  : Using 'application/json', given [*/*] and supported [application/json, application/*+json]
2023-11-17T15:10:13.801-05:00 TRACE 9844 --- [main] o.s.w.s.m.m.a.HttpEntityMethodProcessor  : Writing [com.jhoncontreras.usermanagement.controller.dto.BaseResponseDto@43ee4942]
2023-11-17T15:10:13.802-05:00 TRACE 9844 --- [main] s.w.s.m.m.a.RequestMappingHandlerAdapter : Applying default cacheSeconds=-1
2023-11-17T15:10:13.884-05:00 DEBUG 9844 --- [SpringApplicationShutdownHook] o.s.w.c.s.GenericWebApplicationContext   : Closing org.springframework.web.context.support.GenericWebApplicationContext@467f77a5, started on Fri Nov 17 15:10:06 COT 2023
2023-11-17T15:10:13.891-05:00  INFO 9844 --- [SpringApplicationShutdownHook] j.LocalContainerEntityManagerFactoryBean : Closing JPA EntityManagerFactory for persistence unit 'default'
2023-11-17T15:10:13.896-05:00  INFO 9844 --- [SpringApplicationShutdownHook] com.zaxxer.hikari.HikariDataSource       : HikariPool-1 - Shutdown initiated...
2023-11-17T15:10:13.904-05:00  INFO 9844 --- [SpringApplicationShutdownHook] com.zaxxer.hikari.HikariDataSource       : HikariPool-1 - Shutdown completed.
